C51 COMPILER V9.01   DYNAMIC                                                               12/05/2019 21:03:04 PAGE 1   


C51 COMPILER V9.01, COMPILATION OF MODULE DYNAMIC
OBJECT MODULE PLACED IN Dynamic.OBJ
COMPILER INVOKED BY: C:\Keil\C51\BIN\C51.EXE Dynamic.c BROWSE DEBUG OBJECTEXTEND

line level    source

   1          #include<reg51.h>
   2          void Display_Dynamic();
   3          typedef unsigned char uchar;
   4          typedef unsigned int uint;
   5          uchar code dig_code[]={0xc0,0xf9,0xa4,0xb0,0x99,0x92,0x82,0xf8,0x80,0x90,0x88,0x80,0xc6,0xc0,0x86,0x8e,0xb
             -f,0x7f};
   6          uchar i=1;
   7          
   8          void Delay(uint t)
   9          {
  10   1              while(t--);
  11   1      }//普通延迟函数
  12          
  13          void Delay0(uint t)
  14          {
  15   1              while(t--)
  16   1              {
  17   2                       Display_Dynamic();
  18   2              }
  19   1      }//特殊延迟函数，延迟时显示数据。
  20          
  21          void selectHC573(uchar channel)
  22          {
  23   1              switch(channel)
  24   1              {
  25   2                      case 4:
  26   2                      P2=(P2&0x1f)|0x80;
  27   2                      break;
  28   2                      case 5:
  29   2                      P2=(P2&0x1f)|0xa0;
  30   2                      break;
  31   2                      case 6:
  32   2                      P2=(P2&0x1f)|0xc0;
  33   2                      break;
  34   2                      case 7:
  35   2                      P2=(P2&0x1f)|0xe0;
  36   2                      break;
  37   2              }
  38   1      }
  39          
  40          void DisplaySMG_Bit(uchar value,uchar pos)
  41          {
  42   1              selectHC573(6);
  43   1              P0=0X01<<pos;
  44   1              selectHC573(7);
  45   1              P0=value;
  46   1      }
  47          
  48          void Display_Dynamic()
  49          {
  50   1               DisplaySMG_Bit(dig_code[2],0);
  51   1               Delay(500);
  52   1               P0=0X00;
  53   1               DisplaySMG_Bit(dig_code[0],1);
  54   1               Delay(500);
C51 COMPILER V9.01   DYNAMIC                                                               12/05/2019 21:03:04 PAGE 2   

  55   1               P0=0X00;
  56   1               DisplaySMG_Bit(dig_code[1],2);
  57   1               Delay(500);
  58   1               P0=0X00;
  59   1               DisplaySMG_Bit(dig_code[9],3);
  60   1               Delay(500);
  61   1               P0=0X00;
  62   1               DisplaySMG_Bit(dig_code[16],4);
  63   1               Delay(500);
  64   1               P0=0X00;
  65   1               DisplaySMG_Bit(dig_code[16],5);
  66   1               Delay(500);
  67   1               P0=0X00;
  68   1               DisplaySMG_Bit(dig_code[i/10],6);
  69   1               Delay(500);
  70   1               P0=0X00;
  71   1               DisplaySMG_Bit(dig_code[i%10],7);
  72   1               Delay(500);
  73   1               P0=0X00;
  74   1      }
  75          
  76          void main()
  77          {
  78   1              while(1)
  79   1              {
  80   2                       Display_Dynamic();
  81   2                       i++;
  82   2                       if(i>12)
  83   2                       {
  84   3                              i=1;
  85   3                       }
  86   2                       Delay0(200);
  87   2              }
  88   1      }


MODULE INFORMATION:   STATIC OVERLAYABLE
   CODE SIZE        =    230    ----
   CONSTANT SIZE    =     18    ----
   XDATA SIZE       =   ----    ----
   PDATA SIZE       =   ----    ----
   DATA SIZE        =      1       2
   IDATA SIZE       =   ----    ----
   BIT SIZE         =   ----    ----
END OF MODULE INFORMATION.


C51 COMPILATION COMPLETE.  0 WARNING(S),  0 ERROR(S)
