C51 COMPILER V9.01   TIMER_BASIC                                                           12/14/2019 19:41:12 PAGE 1   


C51 COMPILER V9.01, COMPILATION OF MODULE TIMER_BASIC
OBJECT MODULE PLACED IN .\Timer_basic.obj
COMPILER INVOKED BY: C:\Keil\C51\BIN\C51.EXE ..\定时器的基本原理与应用\Timer_basic.c BROWSE DEBUG OBJECTEXTEND PRINT(.\T
                    -imer_basic.lst) OBJECT(.\Timer_basic.obj)

line level    source

   1          #include<reg52.h>
   2          typedef unsigned char uchar;
   3          typedef unsigned int uint;
   4          sbit LED1=P0^0;
   5          sbit LED2=P0^1;
   6          
   7          uint count=0;
   8          
   9          void SelectHC138(uchar channel)
  10          {
  11   1              switch(channel)
  12   1              {
  13   2                      case 4:
  14   2                      P2=(P2&0x1f)|0x80;
  15   2                      break;
  16   2                      case 5:
  17   2                      P2=(P2&0x1f)|0xa0;
  18   2                      break;
  19   2                      case 6:
  20   2                      P2=(P2&0x1f)|0xc0;
  21   2                      break;
  22   2                      case 7:
  23   2                      P2=(P2&0x1f)|0xe0;
  24   2                      break;
  25   2              }       
  26   1      }
  27          
  28          void interrupt_int()
  29          {
  30   1              TMOD=0X01;
  31   1              TH0=(65536-50000)/256;
  32   1              TL0=(65536-50000)%256;
  33   1              ET0=1;
  34   1              EA=1;
  35   1              TR0=1;
  36   1      }
  37          
  38          void interrupt_service() interrupt 1
  39          {
  40   1              TMOD=0X01;
  41   1              TH0=(65536-50000)/256;
  42   1              TL0=(65536-50000)%256;
  43   1              count++;
  44   1              if(count==10)
  45   1              {
  46   2                      LED1=~LED1;
  47   2              }
  48   1              if(count==20)
  49   1              {
  50   2                      LED2=~LED2;
  51   2                      count=0;
  52   2              }
  53   1      }
  54          
C51 COMPILER V9.01   TIMER_BASIC                                                           12/14/2019 19:41:12 PAGE 2   

  55          int main()
  56          {
  57   1              SelectHC138(5);
  58   1              P0=0X00;
  59   1              SelectHC138(4);
  60   1              P0=0Xff; 
  61   1              SelectHC138(4); 
  62   1              interrupt_int();
  63   1              while(1)
  64   1              {
  65   2                      
  66   2              }
  67   1      }


MODULE INFORMATION:   STATIC OVERLAYABLE
   CODE SIZE        =    134    ----
   CONSTANT SIZE    =   ----    ----
   XDATA SIZE       =   ----    ----
   PDATA SIZE       =   ----    ----
   DATA SIZE        =      2    ----
   IDATA SIZE       =   ----    ----
   BIT SIZE         =   ----    ----
END OF MODULE INFORMATION.


C51 COMPILATION COMPLETE.  0 WARNING(S),  0 ERROR(S)
