C51 COMPILER V9.60.0.0   DS1302                                                            08/07/2020 17:55:12 PAGE 1   


C51 COMPILER V9.60.0.0, COMPILATION OF MODULE DS1302
OBJECT MODULE PLACED IN ds1302.OBJ
COMPILER INVOKED BY: C:\Keil_v5\C51\BIN\C51.EXE ds1302.c OPTIMIZE(8,SPEED) BROWSE DEBUG OBJECTEXTEND TABS(2)

line level    source

   1          /*
   2            程序说明: DS1302驱动程序
   3            软件环境: Keil uVision 4.10 
   4            硬件环境: CT107单片机综合实训平台 8051，12MHz
   5            日    期: 2011-8-9
   6            修改时间：2020-1-19
   7            修改环境：IAP15F2K61S2
   8          */
   9          
  10          #include <reg52.h>
  11          #include <intrins.h>
  12          
  13          sbit SCK = P1 ^ 7; //时钟线
  14          sbit SDA = P2 ^ 3; //数据线
  15          sbit RST = P1 ^ 3; //DS1302使能引脚
  16          void Write_Ds1302(unsigned char temp) //DS1302写函数
  17          {
  18   1        unsigned char i;
  19   1        for (i = 0; i < 8; i++)
  20   1        {
  21   2          SCK = 0; //拉低SCK准备实现上升沿
  22   2          SDA = temp & 0x01; //取temp的最低位，每次发送一位
  23   2          temp >>= 1; //将temp右移，清除刚刚发送的一位
  24   2          SCK = 1; //将数据准备好，在上升沿时，SDA的数据写入DS1302
  25   2        }
  26   1      }
  27          
  28          void Write_Ds1302_Byte(unsigned char address, unsigned char dat) //向特定地址写入数据
  29          {
  30   1        RST = 0; 
  31   1        _nop_();
  32   1        SCK = 0;
  33   1        _nop_();
  34   1        RST = 1; 
  35   1        _nop_(); //SCK低电平时拉高RST电平
  36   1        Write_Ds1302(address); //写入地址
  37   1        Write_Ds1302(dat); //写入数据
  38   1        RST = 0; //拉低RST电平复位
  39   1      }
  40          
  41          unsigned char Read_Ds1302_Byte(unsigned char address)
  42          {
  43   1        unsigned char i, temp = 0x00;
  44   1        RST = 0;
  45   1        _nop_();
  46   1        SCK = 0;
  47   1        _nop_();
  48   1        RST = 1;
  49   1        _nop_(); //SCK低电平时拉到RST电平
  50   1        Write_Ds1302(address);
  51   1        for (i = 0; i < 8; i++)
  52   1        {
  53   2          SCK = 0; //拉低SCK后，数据被写到SDA上读取
  54   2          temp >>= 1;
  55   2          if (SDA)
C51 COMPILER V9.60.0.0   DS1302                                                            08/07/2020 17:55:12 PAGE 2   

  56   2            temp |= 0x80;
  57   2          SCK = 1; 
  58   2        }
  59   1        RST = 0;
  60   1        _nop_();
  61   1        SCK = 0;
  62   1        _nop_();
  63   1        SCK = 1;
  64   1        _nop_();
  65   1        SDA = 0;
  66   1        _nop_();
  67   1        SDA = 1;
  68   1        _nop_();
  69   1        return (temp);
  70   1      }


MODULE INFORMATION:   STATIC OVERLAYABLE
   CODE SIZE        =    109    ----
   CONSTANT SIZE    =   ----    ----
   XDATA SIZE       =   ----    ----
   PDATA SIZE       =   ----    ----
   DATA SIZE        =   ----    ----
   IDATA SIZE       =   ----    ----
   BIT SIZE         =   ----    ----
END OF MODULE INFORMATION.


C51 COMPILATION COMPLETE.  0 WARNING(S),  0 ERROR(S)
