C51 COMPILER V9.01   INTERRUPT                                                             12/07/2019 13:55:58 PAGE 1   


C51 COMPILER V9.01, COMPILATION OF MODULE INTERRUPT
OBJECT MODULE PLACED IN Interrupt.OBJ
COMPILER INVOKED BY: C:\Keil\C51\BIN\C51.EXE Interrupt.c BROWSE DEBUG OBJECTEXTEND

line level    source

   1          #include<reg52.h>
   2          typedef unsigned char uchar;
   3          typedef unsigned int uint;
   4          sbit L1=P0^0;
   5          sbit L8=P0^7;
   6          
   7          void Delay(uint t)
   8          {
   9   1              while(t--);
  10   1              while(t--);
  11   1              while(t--);
  12   1      
  13   1      }
  14          
  15          void SelectHC573(uchar c)
  16          {
  17   1              if(c==4)
  18   1              P2=(P2&0x1f) | 0x80;
  19   1              else if(c==5)
  20   1              P2=(P2&0x1f) | 0xa0;
  21   1      }
  22          
  23          void working()
  24          {       
  25   1              SelectHC573(4);
  26   1              L1=0;
  27   1              Delay(60000);
  28   1              L1=1;
  29   1              Delay(60000);
  30   1      }
  31          
  32          void Init_INT0()
  33          {
  34   1              IT0=1;
  35   1              EX0=1;
  36   1              EA=1;
  37   1      
  38   1      }
  39          
  40          void SerINT0() interrupt 0
  41          {
  42   1              L8=0;
  43   1              Delay(60000);
  44   1              Delay(60000);
  45   1              Delay(60000);
  46   1              Delay(60000);
  47   1              Delay(60000);
  48   1              Delay(60000);
  49   1              L8=1;
  50   1      }
  51          
  52          void main()
  53          {
  54   1              SelectHC573(5);
  55   1              P0=0x00;
C51 COMPILER V9.01   INTERRUPT                                                             12/07/2019 13:55:58 PAGE 2   

  56   1              SelectHC573(4);
  57   1              P0=0XFF;
  58   1              Init_INT0();
  59   1              while(1)
  60   1              {
  61   2                      working();      
  62   2              }
  63   1      }


MODULE INFORMATION:   STATIC OVERLAYABLE
   CODE SIZE        =    156    ----
   CONSTANT SIZE    =   ----    ----
   XDATA SIZE       =   ----    ----
   PDATA SIZE       =   ----    ----
   DATA SIZE        =   ----    ----
   IDATA SIZE       =   ----    ----
   BIT SIZE         =   ----    ----
END OF MODULE INFORMATION.


C51 COMPILATION COMPLETE.  0 WARNING(S),  0 ERROR(S)
