C51 COMPILER V9.60.0.0   MAIN                                                              08/01/2020 21:35:44 PAGE 1   


C51 COMPILER V9.60.0.0, COMPILATION OF MODULE MAIN
OBJECT MODULE PLACED IN .\Objects\main.obj
COMPILER INVOKED BY: C:\Keil_v5\C51\BIN\C51.EXE main.c OPTIMIZE(8,SPEED) BROWSE DEBUG OBJECTEXTEND PRINT(.\Listings\main
                    -.lst) TABS(2) OBJECT(.\Objects\main.obj)

line level    source

   1          /*
   2          2020-08-01 15：56
   3          CT107D_IAP15F2K61S2
   4          Baud：9600bps
   5          */
   6          #include<stc15f2k60s2.h>
   7          typedef unsigned char uchar;
   8          typedef unsigned int uint;
   9          void Send_Byte(uchar dat);
  10          uchar temp;
  11          
  12          void Select(uchar channel)
  13          {
  14   1        switch(channel)
  15   1        {
  16   2          case 4:
  17   2            P2=(P2&0x1f)|0x80;
  18   2          break;
  19   2          case 5:
  20   2            P2=(P2&0x1f)|0xa0;
  21   2          break;
  22   2        }
  23   1      }
  24          
  25          void Init_Sys()
  26          {
  27   1        Select(4);
  28   1        P0=0xff;
  29   1        Select(5);
  30   1        P0=0x00;
  31   1      }
  32          
  33          void Delay1000ms()    //@11.0592MHz
  34          {
  35   1        unsigned char i, j, k;
  36   1      
  37   1        i = 43;
  38   1        j = 6;
  39   1        k = 203;
  40   1        do
  41   1        {
  42   2          do
  43   2          {
  44   3            while (--k);
  45   3          } while (--j);
  46   2        } while (--i);
  47   1      }
  48          
  49          
  50          void Init_Uart(void)    //9600bps@11.0592MHz
  51          {
  52   1        SCON = 0x50;    //8位数据,可变波特率
  53   1        AUXR &= 0xBF;   //定时器1时钟为Fosc/12,即12T
  54   1        AUXR &= 0xFE;   //串口1选择定时器1为波特率发生器
C51 COMPILER V9.60.0.0   MAIN                                                              08/01/2020 21:35:44 PAGE 2   

  55   1        TMOD &= 0x0F;   //设定定时器1为16位自动重装方式
  56   1        TL1 = 0xE8;   //设定定时初值
  57   1        TH1 = 0xFF;   //设定定时初值
  58   1        ET1 = 0;    //禁止定时器1中断
  59   1        TR1 = 1;    //启动定时器1
  60   1        ES = 1;
  61   1        EA = 1;
  62   1      }
  63          
  64          void Ser_Uart() interrupt 4
  65          {
  66   1        if(RI)
  67   1        {
  68   2          RI=0;
  69   2          temp=SBUF;
  70   2          Send_Byte(temp+1);
  71   2        }
  72   1      }
  73          
  74          void Send_Byte(uchar dat)
  75          {
  76   1        SBUF=dat;
  77   1        while(TI==0);
  78   1        TI=0;
  79   1      }
  80          
  81          void Send_String(uchar *str)
  82          {
  83   1        while(*str!='\0')
  84   1        {
  85   2          SBUF=*str++;
  86   2          while(TI==0);
  87   2          TI=0;
  88   2        }
  89   1      }
  90          
  91          int main()
  92          {
  93   1        Init_Sys();
  94   1        Init_Uart();
  95   1        Send_String("Hello World!");
  96   1        while(1)
  97   1        {
  98   2          
  99   2        }
 100   1      }


MODULE INFORMATION:   STATIC OVERLAYABLE
   CODE SIZE        =    218    ----
   CONSTANT SIZE    =     13    ----
   XDATA SIZE       =   ----    ----
   PDATA SIZE       =   ----    ----
   DATA SIZE        =      1       3
   IDATA SIZE       =   ----    ----
   BIT SIZE         =   ----    ----
END OF MODULE INFORMATION.


C51 COMPILATION COMPLETE.  0 WARNING(S),  0 ERROR(S)
