C51 COMPILER V9.01   PWM                                                                   01/12/2020 13:22:42 PAGE 1   


C51 COMPILER V9.01, COMPILATION OF MODULE PWM
OBJECT MODULE PLACED IN pwm.OBJ
COMPILER INVOKED BY: C:\Keil\C51\BIN\C51.EXE pwm.c BROWSE DEBUG OBJECTEXTEND

line level    source

   1          #include<reg52.h>
   2          typedef unsigned int uint;
   3          typedef unsigned char uchar;
   4          sbit L1 = P0^0;
   5          sbit S7 = P3^0;
   6          
   7          void delay(uint t)
   8          {
   9   1              while(t--);
  10   1      }
  11          
  12          void selecthc573()
  13          {
  14   1              P2=(P2&0X1F)|0XA0;
  15   1              P0=0x00;
  16   1              P2=(P2&0X1F)|0X80;
  17   1              P0=0XFF;
  18   1      }
  19          //Init Timer
  20          uint count=0;
  21          uint mode=0;
  22          void init_timer0()
  23          {
  24   1              TMOD=0X01;
  25   1              TH0=(65535-100)/256;
  26   1              TL0=(65535-100)%256;
  27   1              ET0=1;
  28   1              EA=1;
  29   1      }
  30          //Service Timer
  31          void service_timer0()   interrupt 1
  32          {
  33   1              TH0=(65535-100)/256;
  34   1              TL0=(65535-100)%256; 
  35   1              count++;
  36   1              if(count==mode)
  37   1              {
  38   2                      L1=1;
  39   2              }
  40   1              else if(count==100)
  41   1              {
  42   2                      L1=0;
  43   2                      count = 0;
  44   2              }
  45   1      }
  46          uchar stat = 0;
  47          void Scankey()
  48          {
  49   1              if(S7==0)
  50   1              {
  51   2                      delay(100);
  52   2                      if(S7==0)
  53   2                      {
  54   3                              switch(stat)
  55   3                              {
C51 COMPILER V9.01   PWM                                                                   01/12/2020 13:22:42 PAGE 2   

  56   4                                 case 0:L1=0;TR0=1;mode=10;stat=1;break;
  57   4                                 case 1:mode=50;stat=2;break;
  58   4                                 case 2:mode=90;stat=3;break;
  59   4                                 case 3:L1=1;TR0=0;stat=0;break;
  60   4                              }
  61   3                              while(S7==0);
  62   3                      }
  63   2                      
  64   2              }
  65   1      }
  66          
  67          int main()
  68          {
  69   1              selecthc573();
  70   1              init_timer0();
  71   1              while(1)
  72   1              {
  73   2               Scankey();
  74   2              }
  75   1      }


MODULE INFORMATION:   STATIC OVERLAYABLE
   CODE SIZE        =    184    ----
   CONSTANT SIZE    =   ----    ----
   XDATA SIZE       =   ----    ----
   PDATA SIZE       =   ----    ----
   DATA SIZE        =      5    ----
   IDATA SIZE       =   ----    ----
   BIT SIZE         =   ----    ----
END OF MODULE INFORMATION.


C51 COMPILATION COMPLETE.  0 WARNING(S),  0 ERROR(S)
