C51 COMPILER V9.60.0.0   MAIN                                                              01/31/2020 15:42:42 PAGE 1   


C51 COMPILER V9.60.0.0, COMPILATION OF MODULE MAIN
OBJECT MODULE PLACED IN .\Objects\main.obj
COMPILER INVOKED BY: C:\Keil_v5\C51\BIN\C51.EXE main.c OPTIMIZE(8,SPEED) BROWSE DEBUG OBJECTEXTEND PRINT(.\Listings\main
                    -.lst) TABS(2) OBJECT(.\Objects\main.obj)

line level    source

   1          #include<reg52.h>
   2          typedef unsigned int uint;
   3          typedef unsigned char uchar;
   4          sbit HC138_A=P2^5;
   5          sbit HC138_B=P2^6;
   6          sbit HC138_C=P2^7;
   7          uint count=0;
   8          void Init()
   9          {
  10   1        HC138_C=1;
  11   1        HC138_B=0;
  12   1        HC138_A=1;
  13   1        P0=0X00;
  14   1      }
  15          
  16          void Delay(uint t)
  17          {
  18   1        while(t--);
  19   1      }
  20          
  21          void ledrunning()
  22          {
  23   1        uchar i;
  24   1        for(i=0;i<3;i++)
  25   1        {
  26   2        HC138_C=1;
  27   2        HC138_B=0;
  28   2        HC138_A=0;
  29   2        P0=0xff;
  30   2        Delay(30000000);
  31   2        P0=0x00;
  32   2        Delay(30000000);
  33   2        }
  34   1        for(i=1;i<=8;i++)
  35   1        {
  36   2          P0=0xff<<i;
  37   2          Delay(30000000);
  38   2        }
  39   1        for(i=1;i<=8;i++)
  40   1        {
  41   2          P0=~(0xff<<i);
  42   2          Delay(30000000);
  43   2        }
  44   1       
  45   1      }
  46          
  47          
  48          void main()
  49          {
  50   1        Init();
  51   1        while(1)
  52   1        {
  53   2          ledrunning();
  54   2          count++;
C51 COMPILER V9.60.0.0   MAIN                                                              01/31/2020 15:42:42 PAGE 2   

  55   2        }
  56   1      }


MODULE INFORMATION:   STATIC OVERLAYABLE
   CODE SIZE        =    134    ----
   CONSTANT SIZE    =   ----    ----
   XDATA SIZE       =   ----    ----
   PDATA SIZE       =   ----    ----
   DATA SIZE        =      2    ----
   IDATA SIZE       =   ----    ----
   BIT SIZE         =   ----    ----
END OF MODULE INFORMATION.


C51 COMPILATION COMPLETE.  0 WARNING(S),  0 ERROR(S)
