C51 COMPILER V9.01   STATIC                                                                12/03/2019 00:37:38 PAGE 1   


C51 COMPILER V9.01, COMPILATION OF MODULE STATIC
OBJECT MODULE PLACED IN Static.OBJ
COMPILER INVOKED BY: C:\Keil\C51\BIN\C51.EXE Static.c BROWSE DEBUG OBJECTEXTEND

line level    source

   1          #include<reg51.h>
   2          typedef unsigned char uchar;
   3          typedef unsigned int uint;
   4          
   5          uchar code dig_code[]={0xc0,0xf9,0xa4,0xb0,0x99,0x92,0x82,0xf8,0x80,0x90};
   6          
   7          void Init_HC138(uchar n)
   8          {
   9   1              switch(n)
  10   1              {
  11   2                      case 4:
  12   2                      P2=(P2&0x1f)|0x80;
  13   2                      break;
  14   2                      case 5:
  15   2                      P2=(P2&0x1f)|0xa0;
  16   2                      break;
  17   2                      case 6:
  18   2                      P2=(P2&0x1f)|0xc0;
  19   2                      break;
  20   2                      case 7:
  21   2                      P2=(P2&0x1f)|0xe0;
  22   2                      break;
  23   2      
  24   2              }
  25   1      }
  26          
  27          void Delay(uint t)
  28          {
  29   1              while(t--);
  30   1      }
  31          
  32          
  33          void Init_sys()
  34          {
  35   1              Init_HC138(5);
  36   1              P0=0x00;
  37   1      }
  38          
  39          void showdata(uchar dat,uchar pos)
  40          {
  41   1              Init_HC138(6);
  42   1              P0=0X01<<pos;
  43   1              Init_HC138(7);
  44   1              P0=dig_code[dat];
  45   1      }
  46          
  47          void main()
  48          {
  49   1              uchar i,j;
  50   1              Init_sys();
  51   1              while(1)
  52   1              {
  53   2      
  54   2                      Init_HC138(7);
  55   2                      for(i=0;i<8;i++)
C51 COMPILER V9.01   STATIC                                                                12/03/2019 00:37:38 PAGE 2   

  56   2                      {
  57   3                              for(j=0;j<10;j++)
  58   3                              {
  59   4                                      showdata(j,i);
  60   4                                      Delay(3600000);
  61   4                                      P0=0x00;
  62   4                              }
  63   3                              
  64   3                      }
  65   2              }
  66   1      }


MODULE INFORMATION:   STATIC OVERLAYABLE
   CODE SIZE        =    145    ----
   CONSTANT SIZE    =     10    ----
   XDATA SIZE       =   ----    ----
   PDATA SIZE       =   ----    ----
   DATA SIZE        =   ----    ----
   IDATA SIZE       =   ----    ----
   BIT SIZE         =   ----    ----
END OF MODULE INFORMATION.


C51 COMPILATION COMPLETE.  0 WARNING(S),  0 ERROR(S)
