C51 COMPILER V9.01   BEEP_RELAY                                                            12/02/2019 23:38:00 PAGE 1   


C51 COMPILER V9.01, COMPILATION OF MODULE BEEP_RELAY
OBJECT MODULE PLACED IN beep_relay.OBJ
COMPILER INVOKED BY: C:\Keil\C51\BIN\C51.EXE beep_relay.c BROWSE DEBUG OBJECTEXTEND

line level    source

   1          #include<reg51.h>
   2          typedef unsigned char uchar;
   3          typedef unsigned int uint;
   4          sbit HC138_A=P2^5;
   5          sbit HC138_B=P2^6;
   6          sbit HC138_C=P2^7;
   7          
   8          void Delay(uint t)
   9          {
  10   1              while(t--);     
  11   1      }
  12          
  13          void Initsys()
  14          {
  15   1              HC138_C=1;
  16   1              HC138_B=0;
  17   1              HC138_A=1;//Y5输出低电平
  18   1              P0=0X00;
  19   1      }
  20          
  21          void beep()
  22          {
  23   1              HC138_C=1;
  24   1              HC138_B=0;
  25   1              HC138_A=1;//Y5输出低电平
  26   1              P0=0x10;
  27   1              Delay(360000);
  28   1              P0=0X00;        
  29   1      }
  30          
  31          void relay()
  32          {
  33   1              HC138_C=1;
  34   1              HC138_B=0;
  35   1              HC138_A=1;//Y5输出低电平        
  36   1              P0=0x10;
  37   1              Delay(360000);
  38   1              P0=0X00;
  39   1      }
  40          
  41          
  42          
  43          void leds()
  44          {
  45   1              uchar i;
  46   1              HC138_C=1;
  47   1              HC138_B=0;
  48   1              HC138_A=0;//Y4输出低电平        
  49   1              for(i=1;i<=8;i++)
  50   1              {
  51   2                      P0=0XFF<<i;
  52   2                      Delay(360000);
  53   2              }
  54   1              for(i=1;i<=8;i++)
  55   1              {
C51 COMPILER V9.01   BEEP_RELAY                                                            12/02/2019 23:38:00 PAGE 2   

  56   2                      P0=~(0XFF<<i);
  57   2                      Delay(360000);
  58   2              }
  59   1      }
  60          
  61          void main()
  62          {
  63   1              Initsys();
  64   1              while(1)
  65   1              {
  66   2                      leds();
  67   2                      beep();
  68   2                      relay();
  69   2              }
  70   1      }


MODULE INFORMATION:   STATIC OVERLAYABLE
   CODE SIZE        =    114    ----
   CONSTANT SIZE    =   ----    ----
   XDATA SIZE       =   ----    ----
   PDATA SIZE       =   ----    ----
   DATA SIZE        =   ----    ----
   IDATA SIZE       =   ----    ----
   BIT SIZE         =   ----    ----
END OF MODULE INFORMATION.


C51 COMPILATION COMPLETE.  0 WARNING(S),  0 ERROR(S)
