C51 COMPILER V9.60.0.0   MAIN                                                              08/07/2020 11:44:55 PAGE 1   


C51 COMPILER V9.60.0.0, COMPILATION OF MODULE MAIN
OBJECT MODULE PLACED IN .\Objects\main.obj
COMPILER INVOKED BY: C:\Keil_v5\C51\BIN\C51.EXE main.c OPTIMIZE(8,SPEED) BROWSE DEBUG OBJECTEXTEND PRINT(.\Listings\main
                    -.lst) TABS(2) OBJECT(.\Objects\main.obj)

line level    source

   1          #include<stc15f2k60s2.h>
   2          #include"iic.h"
   3          typedef unsigned char uchar;
   4          typedef unsigned int uint;
   5          uchar code dig_code[]={0xc0,0xf9,0xa4,0xb0,0x99,0x92,0x82,0xf8,0x80,0x90};
   6          
   7          void delay(uint t)
   8          {
   9   1        while(t--);
  10   1      }
  11          
  12          void select(uchar channel)
  13          {
  14   1        switch(channel)
  15   1        {
  16   2          case 4:
  17   2            P2=(P2&0x1f)|0x80;
  18   2            break;
  19   2          case 5:
  20   2            P2=(P2&0x1f)|0xa0;
  21   2            break;
  22   2          case 6:
  23   2            P2=(P2&0x1f)|0xc0;
  24   2            break;
  25   2          case 7:
  26   2            P2=(P2&0x1f)|0xe0;
  27   2            break;
  28   2          default:
  29   2            P2=(P2&0x1f);
  30   2            break;
  31   2        }
  32   1      }
  33          
  34          void init_sys()
  35          {
  36   1        select(4);
  37   1        P0=0xff;
  38   1        select(5);
  39   1        P0=0x00;
  40   1        select(0);
  41   1      }
  42          
  43          void display(uchar pos,uchar num)
  44          {
  45   1        delay(500);
  46   1        P0=0xff;
  47   1        select(6);
  48   1        P0=0x01<<pos;
  49   1        select(7);
  50   1        P0=dig_code[num];
  51   1      }
  52          
  53          void write_eeprom(uchar addr,uchar dat)
  54          {
C51 COMPILER V9.60.0.0   MAIN                                                              08/07/2020 11:44:55 PAGE 2   

  55   1        IIC_Start();
  56   1        IIC_SendByte(0xa0);
  57   1        IIC_WaitAck(); //发送控制字节
  58   1        IIC_SendByte(addr);
  59   1        IIC_WaitAck(); //发送需要写入的地址
  60   1        IIC_SendByte(dat);
  61   1        IIC_WaitAck(); //发送需要写入的数据
  62   1        IIC_Stop();
  63   1      }
  64          
  65          uchar read_eeprom(uchar addr)
  66          {
  67   1        uchar dat;
  68   1        IIC_Start();
  69   1        IIC_SendByte(0xa0);
  70   1        IIC_WaitAck();
  71   1        IIC_SendByte(addr);
  72   1        IIC_WaitAck();
  73   1        IIC_Stop(); //伪写入操作
  74   1        
  75   1        IIC_Start();
  76   1        IIC_SendByte(0xa1);
  77   1        IIC_WaitAck();
  78   1        dat=IIC_RecByte();
  79   1        IIC_SendAck(1); //发送非响应标志，停止接收数据
  80   1        IIC_Stop();
  81   1        return dat;
  82   1      }
  83          
  84          void main()
  85          {
  86   1        uchar temp;
  87   1        init_sys();
  88   1        write_eeprom(0xff,0x05);
  89   1        delay(1000);
  90   1        temp=read_eeprom(0xff);
  91   1        while(1)
  92   1        {
  93   2          display(0,temp);
  94   2          delay(500);
  95   2        }
  96   1      }


MODULE INFORMATION:   STATIC OVERLAYABLE
   CODE SIZE        =    255    ----
   CONSTANT SIZE    =     10    ----
   XDATA SIZE       =   ----    ----
   PDATA SIZE       =   ----    ----
   DATA SIZE        =   ----       4
   IDATA SIZE       =   ----    ----
   BIT SIZE         =   ----    ----
END OF MODULE INFORMATION.


C51 COMPILATION COMPLETE.  0 WARNING(S),  0 ERROR(S)
