C51 COMPILER V9.60.0.0   MAIN                                                              08/23/2020 09:56:12 PAGE 1   


C51 COMPILER V9.60.0.0, COMPILATION OF MODULE MAIN
OBJECT MODULE PLACED IN .\obj\Main.obj
COMPILER INVOKED BY: C:\Keil_v5\C51\BIN\C51.EXE FlashRom\Main.C OPTIMIZE(8,SPEED) BROWSE INCDIR(.\ADC;.\Compare;.\FlashR
                    -om;.\GPIO;.\Public;.\PWM;.\SPI;.\Timer;.\TouchKey;.\UART;.\USB;.\Type_C;.\Infrared;.\OLED;.\HC-SR04;.\MNPWM) DEBUG OBJEC
                    -TEXTEND PRINT(.\Main.lst) TABS(2) OBJECT(.\obj\Main.obj)

line level    source

   1          #include ".\Public\CH549.H"
   2          #include ".\Public\DEBUG.H"
   3          #include ".\Timer\Timer.H"
   4          #include ".\PWM\PWM.H"
   5          #define MINLEN 10
   6          sbit LA=P2^0;
   7          sbit LB=P2^1;
   8          sbit RA=P2^2;
   9          sbit RB=P2^3;
  10          sbit Buzz=P1^7;
  11          sbit RX=P1^4;
  12          sbit TX=P1^5;
  13          
  14          sbit AHEAD=P1^2;
  15          sbit BACK=P1^3;
  16          
  17          unsigned int time=0;
  18          unsigned int dis=0;
  19          unsigned char up=150;
  20          unsigned char down=150;                                                     //PWM周期 FREQ_SYS/4/256
  21          
  22          void left()
  23          { 
  24   1        LA=0;
  25   1        LB=0;
  26   1        RA=1;
  27   1        RB=0;
  28   1      }
  29          void right()
  30          { 
  31   1        LA=1;
  32   1        LB=0;
  33   1        RA=0;
  34   1        RB=0;
  35   1      }
  36          void ahead()
  37          {
  38   1        LA=1;
  39   1        LB=0;
  40   1        RA=1;
  41   1        RB=0;
  42   1      }
  43          void back()
  44          {
  45   1        LA=0;
  46   1        LB=1;
  47   1        RA=0;
  48   1        RB=1;
  49   1      }
  50          
  51          void speed_up()
  52          {
  53   1        up++;
C51 COMPILER V9.60.0.0   MAIN                                                              08/23/2020 09:56:12 PAGE 2   

  54   1        mDelaymS(20);
  55   1        SetPWM3Dat(up);
  56   1        LB=0;
  57   1        SetPWM5Dat(up);
  58   1        LB=0;
  59   1        while(up==250)
  60   1        {
  61   2          ahead();
  62   2          up=150;
  63   2        }
  64   1      }
  65          
  66          void slow_down()
  67          {
  68   1        down++;
  69   1        mDelaymS(20);
  70   1        LA=0;
  71   1        SetPWM4Dat(down);
  72   1        RA=0;
  73   1        SetPWM2Dat(down);
  74   1        while(down==250)
  75   1        {
  76   2          back();
  77   2          down=150;
  78   2        }
  79   1      }
  80          void measure()
  81          {
  82   1        mTimer0Clk12DivFsys();
  83   1        TMOD=0X01;
  84   1        TL0=0X00;
  85   1        TH0=0X00;
  86   1        ET0 = 1;                                                                   //T0定时器中断开启
  87   1        EA = 1;
  88   1      
  89   1        TX=1;
  90   1        mDelayuS(15);
  91   1        TX=0;
  92   1        
  93   1        while(!RX);
  94   1        TR0=1;
  95   1        while(RX);
  96   1        TR0=0;
  97   1        time=(TH0*256+TL0)/2;
  98   1        dis=(time*1.78)/100;
  99   1      }
 100          
 101          void Wave()
 102          {
 103   1        measure();
 104   1        if(dis<=MINLEN)
 105   1        {
 106   2          back();
 107   2          Buzz=1;
 108   2        }
 109   1        else if(dis>MINLEN)
 110   1        {
 111   2          ahead();
 112   2          Buzz=0;
 113   2        }
 114   1      }
 115          
C51 COMPILER V9.60.0.0   MAIN                                                              08/23/2020 09:56:12 PAGE 3   

 116          
 117          void control()
 118          {
 119   1        if(AHEAD==1&&BACK==0)
 120   1        {
 121   2          ahead();
 122   2        }
 123   1        if(AHEAD==0&&BACK==1)
 124   1        {
 125   2          back();
 126   2        }
 127   1      }
 128          
 129          void init()
 130          {
 131   1        LA=0;
 132   1        LB=0;
 133   1        RA=0;
 134   1        RB=0;
 135   1      }
 136          
 137          void main()
 138          {
 139   1        P2_MOD_OC=0;//设置为推挽输出
 140   1        Buzz=0; 
 141   1        SetPWMClkDiv(4);                                                           //PWM时钟配置,FREQ_SYS/4
 142   1        SetPWMCycle256Clk(); 
 143   1        PWM_SEL_CHANNEL(CH3|CH5,Enable );
 144   1        while(1)
 145   1        {
 146   2          left();
 147   2        }
 148   1      }
 149          
 150          
 151          


MODULE INFORMATION:   STATIC OVERLAYABLE
   CODE SIZE        =    284    ----
   CONSTANT SIZE    =   ----    ----
   XDATA SIZE       =   ----    ----
   PDATA SIZE       =   ----    ----
   DATA SIZE        =      6    ----
   IDATA SIZE       =   ----    ----
   BIT SIZE         =   ----    ----
END OF MODULE INFORMATION.


C51 COMPILATION COMPLETE.  0 WARNING(S),  0 ERROR(S)
