C51 COMPILER V9.01   SERIAL_SENIOR                                                         12/15/2019 20:13:54 PAGE 1   


C51 COMPILER V9.01, COMPILATION OF MODULE SERIAL_SENIOR
OBJECT MODULE PLACED IN Serial_senior.OBJ
COMPILER INVOKED BY: C:\Keil\C51\BIN\C51.EXE Serial_senior.c BROWSE DEBUG OBJECTEXTEND

line level    source

   1          #include<reg52.h>
   2          typedef unsigned char uchar;
   3          typedef unsigned int uint;
   4          sfr AUXR=0X8E;
   5          void SelectHC138(uint ch)
   6          {
   7   1              switch(ch)
   8   1              {
   9   2              case 0:
  10   2              P2=(P2&0X1F) | 0x00;
  11   2              break;
  12   2              case 4:
  13   2              P2=(P2&0X1F) | 0x80;
  14   2              break;
  15   2              case 5:
  16   2              P2=(P2&0X1F) | 0xa0;
  17   2              break;
  18   2              case 6:
  19   2              P2=(P2&0X1F) | 0xc0;
  20   2              break;
  21   2              case 7:
  22   2              P2=(P2&0X1F) | 0xe0;
  23   2              break;
  24   2              }
  25   1      }
  26          
  27          void Init_sys()
  28          {
  29   1              SelectHC138(5);
  30   1              P0=0X00;
  31   1              SelectHC138(4);
  32   1              P0=0Xff;
  33   1              SelectHC138(0);
  34   1      }
  35          
  36          void Send_char(uchar dat)
  37          {
  38   1              SBUF=dat;
  39   1              while(TI==0);
  40   1              TI=0;
  41   1      }
  42          
  43          void Send_string(uchar *str)
  44          {
  45   1              while(*str!='\0')
  46   1              {
  47   2                      Send_char(*str++);
  48   2              }
  49   1      }
  50          
  51          void Init_uart()
  52          {
  53   1         TMOD=0X20;
  54   1         TH1=0XFD;
  55   1         TL1=0XFD;
C51 COMPILER V9.01   SERIAL_SENIOR                                                         12/15/2019 20:13:54 PAGE 2   

  56   1         TR1=1;
  57   1         AUXR=0X00;
  58   1         SCON=0X50;
  59   1         ES=1;
  60   1         EA=1;
  61   1      }
  62          
  63          void Ser_uart()
  64          {
  65   1         if(RI==1)
  66   1         {
  67   2         }
  68   1      }
  69          
  70          void main()
  71          {
  72   1              Init_sys();
  73   1              Init_uart();
  74   1              Send_string("Hello World!");
  75   1      }


MODULE INFORMATION:   STATIC OVERLAYABLE
   CODE SIZE        =    166    ----
   CONSTANT SIZE    =     13    ----
   XDATA SIZE       =   ----    ----
   PDATA SIZE       =   ----    ----
   DATA SIZE        =   ----       3
   IDATA SIZE       =   ----    ----
   BIT SIZE         =   ----    ----
END OF MODULE INFORMATION.


C51 COMPILATION COMPLETE.  0 WARNING(S),  0 ERROR(S)
