C51 COMPILER V9.01   KEY_SINGLE                                                            12/05/2019 22:19:40 PAGE 1   


C51 COMPILER V9.01, COMPILATION OF MODULE KEY_SINGLE
OBJECT MODULE PLACED IN key_single.OBJ
COMPILER INVOKED BY: C:\Keil\C51\BIN\C51.EXE key_single.c BROWSE DEBUG OBJECTEXTEND

line level    source

   1          #include<reg51.h>
   2          typedef unsigned char uchar;
   3          typedef unsigned int uint;
   4          uchar stat_k=0;
   5          sbit S7 = P3^0;
   6          sbit S6 = P3^1;
   7          sbit S5 = P3^2;
   8          sbit S4 = P3^3;
   9          sbit L1 = P0^0;
  10          sbit L2 = P0^1;
  11          sbit L3 = P0^2;
  12          sbit L4 = P0^3;
  13          sbit L5 = P0^4;
  14          sbit L6 = P0^5;
  15          
  16          void Delay(uint t)
  17          {
  18   1              while(t--);
  19   1      }
  20          
  21          
  22          void SelectHC573(uchar channel)
  23          {
  24   1              switch(channel)
  25   1              {
  26   2                      case 4:
  27   2                      P2=(P2&0x1f)|0x80;
  28   2                      break;
  29   2                      case 5:
  30   2                      P2=(P2&0x1f)|0xa0;
  31   2                      break;
  32   2                      case 6:
  33   2                      P2=(P2&0x1f)|0xc0;
  34   2                      break;
  35   2                      case 7:
  36   2                      P2=(P2&0x1f)|0xe0;
  37   2                      break;
  38   2              }
  39   1      }
  40          
  41          void Judge_key_singal()
  42          {
  43   1              if(S7==0)
  44   1              {
  45   2                      Delay(100);
  46   2                      if(S7==0)
  47   2                      {
  48   3                              if(stat_k==0)
  49   3                              {
  50   4                                      L1=0;
  51   4                                      stat_k=1;
  52   4                              }
  53   3                              else if(stat_k==1)
  54   3                              {
  55   4                                      L1=1;
C51 COMPILER V9.01   KEY_SINGLE                                                            12/05/2019 22:19:40 PAGE 2   

  56   4                                      stat_k=0;
  57   4                              }
  58   3                              while(S7==0);
  59   3      
  60   3                      }
  61   2              }       
  62   1              if(S6==0)
  63   1              {
  64   2                      Delay(100);
  65   2                      if(S6==0)
  66   2                      {
  67   3                              if(stat_k==0)
  68   3                              {
  69   4                                      L2=0;
  70   4                                      stat_k=2;
  71   4                              }
  72   3                              else if(stat_k==2)
  73   3                              {
  74   4                                      L2=1;
  75   4                                      stat_k=0;
  76   4                              }
  77   3                              while(S6==0);
  78   3                      }
  79   2              }       
  80   1              if(S5==0)
  81   1              {
  82   2                      Delay(100);
  83   2                      if(S5==0)
  84   2                      {
  85   3                              if(stat_k==1)
  86   3                              {
  87   4                                      L3=0;
  88   4                                      while(S5==0);
  89   4                                      L3=1;
  90   4                              }
  91   3                              else if(stat_k==2)
  92   3                              {
  93   4                                      L5=0;
  94   4                                      while(S5==0);
  95   4                                      L5=1;
  96   4                              }
  97   3                      }
  98   2              }
  99   1              if(S4==0)
 100   1              {
 101   2                      Delay(100);
 102   2                      if(S4==0)
 103   2                      {
 104   3                              if(stat_k==1)
 105   3                              {
 106   4                                      L4=0;
 107   4                                      while(S4==0);
 108   4                                      L4=1;
 109   4                              }
 110   3                              else if(stat_k==2)
 111   3                              {
 112   4                                      L6=0;
 113   4                                      while(S4==0);
 114   4                                      L6=1;
 115   4                              }
 116   3                      }
 117   2              }               
C51 COMPILER V9.01   KEY_SINGLE                                                            12/05/2019 22:19:40 PAGE 3   

 118   1      }
 119          
 120          int main()
 121          {
 122   1              SelectHC573(5);
 123   1              P0=0x00;
 124   1              SelectHC573(4);
 125   1              P0=0xff;
 126   1              while(1)
 127   1              {
 128   2                        Judge_key_singal();
 129   2              }
 130   1      }


MODULE INFORMATION:   STATIC OVERLAYABLE
   CODE SIZE        =    222    ----
   CONSTANT SIZE    =   ----    ----
   XDATA SIZE       =   ----    ----
   PDATA SIZE       =   ----    ----
   DATA SIZE        =      1    ----
   IDATA SIZE       =   ----    ----
   BIT SIZE         =   ----    ----
END OF MODULE INFORMATION.


C51 COMPILATION COMPLETE.  0 WARNING(S),  0 ERROR(S)
