C51 COMPILER V9.01   ONEWIRE                                                               01/19/2020 21:17:39 PAGE 1   


C51 COMPILER V9.01, COMPILATION OF MODULE ONEWIRE
OBJECT MODULE PLACED IN onewire.OBJ
COMPILER INVOKED BY: C:\Keil\C51\BIN\C51.EXE onewire.c BROWSE DEBUG OBJECTEXTEND

line level    source

   1          /*
   2            程序说明: 单总线驱动程序
   3            软件环境: Keil uVision 4.10 
   4            硬件环境: CT107单片机综合实训平台(外部晶振12MHz) STC89C52RC单片机
   5            日    期: 2011-8-9
   6            修改时间：2020-1-19
   7            修改环境：IAP15F2K61S2
   8          */
   9          #include "reg52.h"
  10          #include "onewire.h"
  11          
  12          sbit DQ = P1^4;  //单总线接口
  13          
  14          //单总线延时函数
  15          void Delay_OneWire(unsigned int t)  //STC89C52RC
  16          {
  17   1              t=t*12;//增加12延迟
  18   1              while(t--);
  19   1      }
  20          
  21          //通过单总线向DS18B20写一个字节
  22          void Write_DS18B20(unsigned char dat)
  23          {
  24   1              unsigned char i;
  25   1              for(i=0;i<8;i++)
  26   1              {
  27   2                      DQ = 0;
  28   2                      DQ = dat&0x01;
  29   2                      Delay_OneWire(5);
  30   2                      DQ = 1;
  31   2                      dat >>= 1;
  32   2              }
  33   1              Delay_OneWire(5);
  34   1      }
  35          
  36          //从DS18B20读取一个字节
  37          unsigned char Read_DS18B20(void)
  38          {
  39   1              unsigned char i;
  40   1              unsigned char dat;
  41   1        
  42   1              for(i=0;i<8;i++)
  43   1              {
  44   2                      DQ = 0;
  45   2                      dat >>= 1;
  46   2                      DQ = 1;
  47   2                      if(DQ)
  48   2                      {
  49   3                              dat |= 0x80;
  50   3                      }           
  51   2                      Delay_OneWire(5);
  52   2              }
  53   1              return dat;
  54   1      }
  55          
C51 COMPILER V9.01   ONEWIRE                                                               01/19/2020 21:17:39 PAGE 2   

  56          //DS18B20设备初始化
  57          bit init_ds18b20(void)
  58          {
  59   1              bit initflag = 0;
  60   1              
  61   1              DQ = 1;
  62   1              Delay_OneWire(12);
  63   1              DQ = 0;
  64   1              Delay_OneWire(80);
  65   1              DQ = 1;
  66   1              Delay_OneWire(10); 
  67   1          initflag = DQ;     
  68   1              Delay_OneWire(5);
  69   1        
  70   1              return initflag;
  71   1      }
  72          
  73          
  74          
  75          
  76          
  77          


MODULE INFORMATION:   STATIC OVERLAYABLE
   CODE SIZE        =    117    ----
   CONSTANT SIZE    =   ----    ----
   XDATA SIZE       =   ----    ----
   PDATA SIZE       =   ----    ----
   DATA SIZE        =   ----    ----
   IDATA SIZE       =   ----    ----
   BIT SIZE         =   ----       1
END OF MODULE INFORMATION.


C51 COMPILATION COMPLETE.  0 WARNING(S),  0 ERROR(S)
