C51 COMPILER V9.01   PCF8591                                                               01/19/2020 21:14:36 PAGE 1   


C51 COMPILER V9.01, COMPILATION OF MODULE PCF8591
OBJECT MODULE PLACED IN pcf8591.OBJ
COMPILER INVOKED BY: C:\Keil\C51\BIN\C51.EXE pcf8591.c BROWSE DEBUG OBJECTEXTEND

line level    source

   1          #include<reg52.h>
   2          #include"pcf8591.h"
   3          #include"iic.h"
   4          //PCF8591读地址0X90 写地址0X91
   5          void Read_AIN3()
   6          {
   7   1              int data_pcf8591=0;
   8   1              IIC_Start();            //IIC总线起始信号                                                       
   9   1              IIC_SendByte(0x90);     //PCF8591的写设备地址           
  10   1              IIC_WaitAck();          //等待从机应答          
  11   1              IIC_SendByte(0x03);     //写入PCF8591的控制字节         
  12   1              IIC_WaitAck();          //等待从机应答                                          
  13   1              IIC_Stop();             //IIC总线停止信号                                       
  14   1              
  15   1              IIC_Start();            //IIC总线起始信号                                                                       
  16   1              IIC_SendByte(0x91);     //PCF8591的读设备地址           
  17   1              IIC_WaitAck();          //等待从机应答          
  18   1              data_pcf8591 = IIC_RecByte();   //读取PCF8591通道3的数据                        
  19   1              //IIC_SendAck(0);               //产生非应答信号                                
  20   1              IIC_Stop();             //IIC总线停止信号                                       
  21   1      }


MODULE INFORMATION:   STATIC OVERLAYABLE
   CODE SIZE        =     49    ----
   CONSTANT SIZE    =   ----    ----
   XDATA SIZE       =   ----    ----
   PDATA SIZE       =   ----    ----
   DATA SIZE        =   ----       2
   IDATA SIZE       =   ----    ----
   BIT SIZE         =   ----    ----
END OF MODULE INFORMATION.


C51 COMPILATION COMPLETE.  0 WARNING(S),  0 ERROR(S)
