C51 COMPILER V9.60.0.0   MAIN                                                              07/26/2020 23:42:41 PAGE 1   


C51 COMPILER V9.60.0.0, COMPILATION OF MODULE MAIN
OBJECT MODULE PLACED IN .\Objects\main.obj
COMPILER INVOKED BY: C:\Keil_v5\C51\BIN\C51.EXE main.c OPTIMIZE(8,SPEED) BROWSE DEBUG OBJECTEXTEND PRINT(.\Listings\main
                    -.lst) TABS(2) OBJECT(.\Objects\main.obj)

line level    source

   1          #include<reg52.h>
   2          typedef unsigned int uint;
   3          typedef unsigned char uchar;
   4          sbit HC138_A=P2^5;
   5          sbit HC138_B=P2^6;
   6          sbit HC138_C=P2^7;//138译码器输出端定义
   7          void Init()
   8          {
   9   1        HC138_C=1;
  10   1        HC138_B=0;
  11   1        HC138_A=1;
  12   1        P0=0X00;//初始化板上资源，关闭蜂鸣器与继电器
  13   1      }
  14          
  15          void Delay(uchar t)//延时函数
  16          {
  17   1        uchar i = 255;
  18   1        while(t--)
  19   1        {
  20   2          while(i--);
  21   2        }
  22   1      }
  23          
  24          void ledrunning()
  25          {
  26   1        uchar i;
  27   1        for(i=0;i<3;i++)
  28   1        {
  29   2          HC138_C=1;
  30   2          HC138_B=0;
  31   2          HC138_A=0;
  32   2        }
  33   1        for(i=0;i<8;i++)
  34   1        {
  35   2          P0=0xff<<i;//左移函数，每次循环均将已点亮小灯向左移动一位
  36   2          Delay(200);
  37   2        }
  38   1        for(i=0;i<8;i++)
  39   1        {
  40   2          P0=~(0xff<<i);//取反
  41   2          Delay(200);
  42   2        }
  43   1       
  44   1      }
  45          
  46          
  47          void main()
  48          {
  49   1        Init();
  50   1        while(1)
  51   1        {
  52   2          ledrunning();
  53   2        }
  54   1      }
C51 COMPILER V9.60.0.0   MAIN                                                              07/26/2020 23:42:41 PAGE 2   



MODULE INFORMATION:   STATIC OVERLAYABLE
   CODE SIZE        =    124    ----
   CONSTANT SIZE    =   ----    ----
   XDATA SIZE       =   ----    ----
   PDATA SIZE       =   ----    ----
   DATA SIZE        =   ----    ----
   IDATA SIZE       =   ----    ----
   BIT SIZE         =   ----    ----
END OF MODULE INFORMATION.


C51 COMPILATION COMPLETE.  0 WARNING(S),  0 ERROR(S)
