C51 COMPILER V9.60.0.0   MAIN                                                              08/08/2020 18:57:39 PAGE 1   


C51 COMPILER V9.60.0.0, COMPILATION OF MODULE MAIN
OBJECT MODULE PLACED IN .\Objects\main.obj
COMPILER INVOKED BY: C:\Keil_v5\C51\BIN\C51.EXE main.c OPTIMIZE(8,SPEED) BROWSE DEBUG OBJECTEXTEND PRINT(.\Listings\main
                    -.lst) TABS(2) OBJECT(.\Objects\main.obj)

line level    source

   1          #include<stc15f2k60s2.h>
   2          typedef unsigned char uchar;
   3          typedef unsigned int uint;
   4          uchar code dig_code[]={0xc0,0xf9,0xa4,0xb0,0x99,0x92,0x82,0xf8,0x80,0x90,0x86};
   5          sbit IR = P1^1;
   6          sbit L1 = P0^0;
   7          uint irdata[4]={0,0,0,0};
   8          void delay(uint t)
   9          {
  10   1        while(t--);
  11   1      }
  12          
  13          void delay140us()   //@11.0592MHz
  14          {
  15   1        unsigned char i, j;
  16   1      
  17   1        i = 2;
  18   1        j = 126;
  19   1        do
  20   1        {
  21   2          while (--j);
  22   2        } while (--i);
  23   1      }
  24          
  25          
  26          void select(uchar channel)
  27          {
  28   1        switch(channel)
  29   1        {
  30   2          case 4:
  31   2            P2=(P2&0x1f)|0x80;
  32   2            break;
  33   2          case 5:
  34   2            P2=(P2&0x1f)|0xa0;
  35   2            break;
  36   2          case 6:
  37   2            P2=(P2&0x1f)|0xc0;
  38   2            break;
  39   2          case 7:
  40   2            P2=(P2&0x1f)|0xe0;
  41   2            break;
  42   2          case 0:
  43   2            P2=(P2&0x1f);
  44   2            break;
  45   2        }
  46   1      }
  47          
  48          void init_sys()
  49          {
  50   1        select(5);
  51   1        P0=0x00;
  52   1        select(4);
  53   1        P0=0xff;
  54   1      }
C51 COMPILER V9.60.0.0   MAIN                                                              08/08/2020 18:57:39 PAGE 2   

  55          
  56          void display(uchar pos,uchar value)
  57          {
  58   1        delay(1000);
  59   1        P0=0xff;
  60   1        select(6);
  61   1        P0=0x01<<pos;
  62   1        select(7);
  63   1        P0=dig_code[value];
  64   1      }
  65          
  66          void init_int0()
  67          {
  68   1        IR=1;
  69   1        EX0=1;
  70   1        IT0=1;
  71   1        EA=1;
  72   1      }
  73          
  74          void display_ir()
  75          {
  76   1        display(0,irdata[0]/100);
  77   1        display(1,irdata[0]%100/10);
  78   1        display(2,irdata[0]%10);
  79   1        
  80   1        display(5,irdata[2]/100);
  81   1        display(6,irdata[2]%100/10);
  82   1        display(7,irdata[2]%10);
  83   1      }
  84          
  85          //当接收到红外信号时，IR被置低电平，进入中断
  86          void ser_int0() interrupt 1
  87          {
  88   1        uchar i,j,n=0;
  89   1        delay(2000);
  90   1        if(IR==1) //判断是否为干扰
  91   1        {
  92   2          return;
  93   2        }
  94   1        while(!IR); //引导码载波9ms，低电平
  95   1        while(IR);  //引导码空闲4.5ms，高电平
  96   1        
  97   1        for(j=0;j<4;j++)
  98   1        {
  99   2          for(i=0;i<4;i++)
 100   2          {
 101   3            while(!IR); //数据0/1均拥有相同时间的载波，低电平     
 102   3            while(IR)
 103   3            {
 104   4              delay140us(); //每140us将计数值加一，统计空闲时间
 105   4              n++;
 106   4              if(n>=30)
 107   4              {
 108   5                return;
 109   5              }
 110   4            }
 111   3            irdata[j]=irdata[j]>>1;
 112   3            if(n>=8) //当空闲时间大于1120us时，判定数据为1
 113   3            {
 114   4              irdata[j]|=0x80;
 115   4            }
 116   3            n=0;
C51 COMPILER V9.60.0.0   MAIN                                                              08/08/2020 18:57:39 PAGE 3   

 117   3          }
 118   2        }
 119   1      }
 120          
 121          void main()
 122          {
 123   1        init_sys();
 124   1        init_int0();
 125   1        while(1)
 126   1        {
 127   2          display_ir();
 128   2        }
 129   1      }


MODULE INFORMATION:   STATIC OVERLAYABLE
   CODE SIZE        =    442    ----
   CONSTANT SIZE    =     11    ----
   XDATA SIZE       =   ----    ----
   PDATA SIZE       =   ----    ----
   DATA SIZE        =      8       1
   IDATA SIZE       =   ----    ----
   BIT SIZE         =   ----    ----
END OF MODULE INFORMATION.


C51 COMPILATION COMPLETE.  0 WARNING(S),  0 ERROR(S)
