C51 COMPILER V9.60.0.0   MAIN                                                              07/30/2020 09:21:38 PAGE 1   


C51 COMPILER V9.60.0.0, COMPILATION OF MODULE MAIN
OBJECT MODULE PLACED IN .\Objects\main.obj
COMPILER INVOKED BY: C:\Keil_v5\C51\BIN\C51.EXE main.c OPTIMIZE(8,SPEED) BROWSE DEBUG OBJECTEXTEND PRINT(.\Listings\main
                    -.lst) TABS(2) OBJECT(.\Objects\main.obj)

line level    source

   1          #include<stc15f2k60s2.h>
   2          typedef unsigned int uint;
   3          typedef unsigned char uchar;
   4          sbit S4=P3^3;
   5          sbit S5=P3^2;
   6          sbit S6=P3^1;
   7          sbit S7=P3^0;
   8          uchar code Dig_Code[]={0xc0,0xf9,0xa4,0xb0,0x99,0x92,0x82,0xf8,0x80,0x90,0xBF,0XFF};
   9          uchar mode=1;
  10          uint gap=400;
  11          uchar start=1;
  12          uchar selected=0;
  13          uchar count_t=0;
  14          uchar stat=0;
  15          void Display_Info();
  16          void Display_Blink(uchar stat);
  17          
  18          void Delay(uint t)
  19          {
  20   1        while(t--);
  21   1      }
  22          
  23          void Select(uchar channel)
  24          {
  25   1        switch(channel)
  26   1        {
  27   2          case 4:
  28   2            P2=(P2&0X1F)|0X80;
  29   2          break;
  30   2          case 5:
  31   2            P2=(P2&0X1F)|0XA0;
  32   2          break;
  33   2          case 6:
  34   2            P2=(P2&0X1F)|0XC0;
  35   2          break;
  36   2          case 7:
  37   2            P2=(P2&0X1F)|0XE0;
  38   2          break;
  39   2          case 0:
  40   2            P2=(P2&0X1F)|0X00;
  41   2          break;
  42   2        }
  43   1      }
  44          
  45          void Init_Sys()
  46          {
  47   1        Select(5);
  48   1        P0=0X00;
  49   1        Select(4);
  50   1        P0=0XFF;
  51   1      }
  52          
  53          void Init_Timer0()
  54          {
C51 COMPILER V9.60.0.0   MAIN                                                              07/30/2020 09:21:38 PAGE 2   

  55   1        AUXR &= 0x7F;   //定时器时钟12T模式
  56   1        TMOD &= 0xF0;   //设置定时器模式
  57   1        TL0 = 0x00;   //设置定时初值
  58   1        TH0 = 0x4C;   //设置定时初值
  59   1        TF0 = 0;    //清除TF0标志
  60   1        TR0 = 1;    //定时器0开始计时
  61   1        ET0 = 1;
  62   1        EA = 1;
  63   1      }
  64          
  65          void Display(uchar pos,uchar num)
  66          {
  67   1        Delay(1500);
  68   1        P0=0XFF;
  69   1        Select(6);
  70   1        P0=0X01<<pos;
  71   1        Select(7);
  72   1        P0=Dig_Code[num];
  73   1      }
  74          
  75          void Scan_Key()
  76          {
  77   1        if(S7==0)
  78   1        {
  79   2          Delay(200);
  80   2          if(S7==0)
  81   2          {
  82   3            while(S7==0)
  83   3            {
  84   4              Display_Info();
  85   4              Display_Blink(stat);
  86   4            }
  87   3            start=~start;
  88   3          }
  89   2        }
  90   1        
  91   1        if(S6==0)
  92   1        {
  93   2          Delay(200);
  94   2          if(S6==0)
  95   2          {
  96   3            while(S6==0)
  97   3            {
  98   4              Display_Info();
  99   4              Display_Blink(stat);
 100   4            }
 101   3            selected=selected+1;
 102   3            if(selected==3)
 103   3            {
 104   4              selected=0;
 105   4            }
 106   3          }
 107   2        }
 108   1        
 109   1        if(S5==0)
 110   1        {
 111   2          Delay(200);
 112   2          if(S5==0)
 113   2          {
 114   3            while(S5==0)
 115   3            {
 116   4              Display_Info();
C51 COMPILER V9.60.0.0   MAIN                                                              07/30/2020 09:21:38 PAGE 3   

 117   4              Display_Blink(stat);
 118   4            }
 119   3            if(selected==1&&mode<=3)
 120   3            {
 121   4              mode=mode+1;
 122   4            }
 123   3            if(selected==2&&gap<=1100)
 124   3            {
 125   4              gap=gap+100;
 126   4            }
 127   3          }
 128   2        }
 129   1        
 130   1        if(S4==0)
 131   1        {
 132   2          Delay(200);
 133   2          if(S4==0)
 134   2          {
 135   3            while(S4==0)
 136   3            {
 137   4              Display_Info();
 138   4              Display_Blink(stat);
 139   4            }
 140   3            if(selected==1&&mode>=2)
 141   3            {
 142   4              mode=mode-1;
 143   4            }
 144   3            if(selected==2&&gap>=500)
 145   3            {
 146   4              gap=gap-100;
 147   4            }
 148   3          }
 149   2        }
 150   1      }
 151          
 152          void Display_Off()
 153          {
 154   1        Select(6);
 155   1        P0=0XFF;
 156   1        Select(7);
 157   1        P0=0XFF;
 158   1      }
 159          
 160          void Display_Info()
 161          {
 162   1        if(selected==1)
 163   1        {
 164   2          Display(4,gap/1000);
 165   2          Display(5,(gap%1000)/100);
 166   2          Display(6,0);
 167   2          Display(7,0);
 168   2          Display(7,11);
 169   2        }
 170   1        else if(selected==2)
 171   1        {
 172   2          Display(0,10);
 173   2          Display(1,mode);
 174   2          Display(2,10);
 175   2          Display(2,11);//避免刷新时该位闪烁
 176   2        }
 177   1        else if(selected==0)
 178   1        {
C51 COMPILER V9.60.0.0   MAIN                                                              07/30/2020 09:21:38 PAGE 4   

 179   2          Display_Off();
 180   2        }
 181   1      }
 182          
 183          void Display_Blink(uchar stat)
 184          {
 185   1        if(stat)
 186   1        {
 187   2          if(selected==1)
 188   2          {
 189   3            Display(0,10);
 190   3            Display(1,mode);
 191   3            Display(2,10);
 192   3          }
 193   2          else if(selected==2)
 194   2          {
 195   3            Display(4,gap/1000);
 196   3            Display(5,(gap%1000)/100);
 197   3            Display(6,0);
 198   3            Display(7,0);
 199   3          }
 200   2        }
 201   1        else
 202   1        {
 203   2          if(selected==1)
 204   2          {
 205   3            Select(6);
 206   3            P0=0X0F;
 207   3            Select(7);
 208   3            P0=0XFF;
 209   3          }
 210   2          else if(selected==2)
 211   2          {
 212   3            Select(6);
 213   3            P0=0XF0;
 214   3            Select(7);
 215   3            P0=0XFF;
 216   3          }
 217   2        }
 218   1      }
 219          
 220          void Ser_Timer0() interrupt 1
 221          {
 222   1        count_t++;
 223   1        if(count_t==16)
 224   1        {
 225   2          stat=~stat;
 226   2          count_t=0;
 227   2        }
 228   1      }
 229          
 230          int main()
 231          {
 232   1        Init_Sys();
 233   1        Init_Timer0();
 234   1        while(1)
 235   1        {
 236   2          Scan_Key();
 237   2          Display_Info();
 238   2          Display_Blink(stat);
 239   2        }
 240   1      } 
C51 COMPILER V9.60.0.0   MAIN                                                              07/30/2020 09:21:38 PAGE 5   



MODULE INFORMATION:   STATIC OVERLAYABLE
   CODE SIZE        =    606    ----
   CONSTANT SIZE    =     12    ----
   XDATA SIZE       =   ----    ----
   PDATA SIZE       =   ----    ----
   DATA SIZE        =      7    ----
   IDATA SIZE       =   ----    ----
   BIT SIZE         =   ----    ----
END OF MODULE INFORMATION.


C51 COMPILATION COMPLETE.  0 WARNING(S),  0 ERROR(S)
