C51 COMPILER V9.60.0.0   MAIN                                                              08/20/2020 23:32:18 PAGE 1   


C51 COMPILER V9.60.0.0, COMPILATION OF MODULE MAIN
OBJECT MODULE PLACED IN .\Objects\main.obj
COMPILER INVOKED BY: C:\Keil_v5\C51\BIN\C51.EXE main.c OPTIMIZE(8,SPEED) BROWSE DEBUG OBJECTEXTEND PRINT(.\Listings\main
                    -.lst) TABS(2) OBJECT(.\Objects\main.obj)

line level    source

   1          #include<stc15f2k60s2.h>
   2          typedef unsigned char uchar;
   3          typedef unsigned int uint;
   4          uchar code dig_code[]={0xc0,0xf9,0xa4,0xb0,0x99,0x92,0x82,0xf8,0x80,0x90,0xbf,0xff,0xc6};
   5          uchar buff_tube[]={0xff,0xff,0xff,0xff,0xff,0xff,0xff,0xff};
   6          void select(uchar channel)
   7          {
   8   1        switch(channel)
   9   1        {
  10   2          case 4:
  11   2            P2=(P2&0x1f)|0x80;
  12   2            break;
  13   2          case 5:
  14   2            P2=(P2&0x1f)|0xa0;
  15   2            break;
  16   2          case 6:
  17   2            P2=(P2&0x1f)|0xc0;
  18   2            break;
  19   2          case 7:
  20   2            P2=(P2&0x1f)|0xe0;
  21   2            break;
  22   2          case 0:
  23   2            P2=(P2&0x1f);
  24   2            break;
  25   2        }
  26   1      }
  27          
  28          void init_sys()
  29          {
  30   1        select(4);
  31   1        P0=0xff;
  32   1        select(5);
  33   1        P0=0x00;
  34   1        select(0);
  35   1      }
  36          
  37          void display(void)
  38          {
  39   1        static uchar index=0;
  40   1        select(6);
  41   1        P0=0x01<<index;
  42   1        select(7);
  43   1        P0=buff_tube[index];
  44   1        select(0);
  45   1        P0=0xff;
  46   1        
  47   1        index++;
  48   1        index&=0x07;
  49   1      }
  50          
  51          void set_tube()
  52          {
  53   1        buff_tube[0]=dig_code[1];
  54   1        buff_tube[1]=dig_code[2];
C51 COMPILER V9.60.0.0   MAIN                                                              08/20/2020 23:32:18 PAGE 2   

  55   1        buff_tube[2]=dig_code[3];
  56   1        buff_tube[3]=dig_code[4];
  57   1        buff_tube[4]=dig_code[5];
  58   1        buff_tube[5]=dig_code[6];
  59   1        buff_tube[6]=dig_code[7];
  60   1        buff_tube[7]=dig_code[8];
  61   1      }
  62          
  63          void init_timer0(void)    //1毫秒@11.0592MHz
  64          {
  65   1        AUXR |= 0x80;   //定时器时钟1T模式
  66   1        TMOD &= 0xF0;   //设置定时器模式
  67   1        TL0 = 0xCD;   //设置定时初值
  68   1        TH0 = 0xD4;   //设置定时初值
  69   1        TF0 = 0;    //清除TF0标志
  70   1        TR0 = 1;    //定时器0开始计时
  71   1        ET0 = 1;
  72   1        EA = 1;
  73   1      }
  74          
  75          void ser_timer0() interrupt 1
  76          {
  77   1        static uchar count=0;
  78   1        count++;
  79   1        if(count==2)
  80   1        {
  81   2          display();
  82   2          count=0;
  83   2        }
  84   1      }
  85          
  86          void main()
  87          {
  88   1        init_sys();
  89   1        init_timer0();
  90   1        while(1)
  91   1        {
  92   2          set_tube();
  93   2        }
  94   1      }


MODULE INFORMATION:   STATIC OVERLAYABLE
   CODE SIZE        =    232    ----
   CONSTANT SIZE    =     13    ----
   XDATA SIZE       =   ----    ----
   PDATA SIZE       =   ----    ----
   DATA SIZE        =     10    ----
   IDATA SIZE       =   ----    ----
   BIT SIZE         =   ----    ----
END OF MODULE INFORMATION.


C51 COMPILATION COMPLETE.  0 WARNING(S),  0 ERROR(S)
