C51 COMPILER V9.60.0.0   MAIN                                                              10/14/2020 21:51:30 PAGE 1   


C51 COMPILER V9.60.0.0, COMPILATION OF MODULE MAIN
OBJECT MODULE PLACED IN .\Objects\main.obj
COMPILER INVOKED BY: C:\Keil_v5\C51\BIN\C51.EXE main.c OPTIMIZE(8,SPEED) BROWSE DEBUG OBJECTEXTEND PRINT(.\Listings\main
                    -.lst) TABS(2) OBJECT(.\Objects\main.obj)

line level    source

   1          #include <stc15f2k60s2.h>
   2          #include "iic.h"
   3          typedef unsigned char uchar;
   4          typedef unsigned int uint;
   5          sbit KEY_IN_0=P4^4;
   6          sbit KEY_IN_1=P4^2;
   7          sbit KEY_IN_2=P3^5;
   8          sbit KEY_IN_3=P3^4;
   9          sbit KEY_OUT_0=P3^0;
  10          sbit KEY_OUT_1=P3^1;
  11          sbit KEY_OUT_2=P3^2;
  12          sbit KEY_OUT_3=P3^3;
  13          uchar dig_code[]={0xc0,0xf9,0xa4,0xb0,0x99,0x92,0x82,0xf8,0x80,0x90,0xc1,0x8c,0xc8,0xff};
  14          uchar buff_tube[]={0xff,0xff,0xff,0xff,0xff,0xff,0xff,0xff};
  15          uchar key_stat[4][4]={{1,1,1,1},{1,1,1,1},{1,1,1,1},{1,1,1,1}};
  16          uchar key_back[4][4]={{1,1,1,1},{1,1,1,1},{1,1,1,1},{1,1,1,1}};
  17          uchar flag_40ms,flag_mode,flag_L2,flag_error,count_error,flag_5s,flag_5s_start;
  18          uint volta,count,vp,v_back;
  19          void read_data();
  20          
  21          void select(uchar channel)
  22          {
  23   1        switch(channel)
  24   1        {
  25   2          case 4:
  26   2            P2=(P2&0x1f)|0x80;
  27   2            break;
  28   2          case 5:
  29   2            P2=(P2&0x1f)|0xa0;
  30   2            break;
  31   2          case 6:
  32   2            P2=(P2&0x1f)|0xc0;
  33   2            break;
  34   2          case 7:
  35   2            P2=(P2&0x1f)|0xe0;
  36   2            break;
  37   2          default:
  38   2            P2=(P2&0x1f);
  39   2            break;
  40   2        }
  41   1      }
  42          
  43          void init_sys()
  44          {
  45   1        select(4);
  46   1        P0=0xff;
  47   1        select(5);
  48   1        P0=0x00;
  49   1        select(0);
  50   1        read_data();
  51   1      }
  52          
  53          void display()
  54          {
C51 COMPILER V9.60.0.0   MAIN                                                              10/14/2020 21:51:30 PAGE 2   

  55   1        static uchar index=0;
  56   1        select(7);
  57   1        P0=0xff;
  58   1        select(6);
  59   1        P0=0x01<<index;
  60   1        select(7);
  61   1        P0=buff_tube[index];
  62   1        select(0);
  63   1        index++;
  64   1        index&=0x07;
  65   1      }
  66          
  67          void set_display()
  68          {
  69   1        if(flag_mode==0)
  70   1        {
  71   2          buff_tube[0]=dig_code[10];
  72   2          buff_tube[1]=dig_code[13];
  73   2          buff_tube[2]=dig_code[13];
  74   2          buff_tube[3]=dig_code[13];
  75   2          buff_tube[4]=dig_code[13];
  76   2          buff_tube[5]=dig_code[volta/100]+0x80;
  77   2          buff_tube[6]=dig_code[volta%100/10];
  78   2          buff_tube[7]=dig_code[volta%10];
  79   2        }
  80   1        else if(flag_mode==1)
  81   1        {
  82   2          buff_tube[0]=dig_code[11];
  83   2          buff_tube[1]=dig_code[13];
  84   2          buff_tube[2]=dig_code[13];
  85   2          buff_tube[3]=dig_code[13];
  86   2          buff_tube[4]=dig_code[13];
  87   2          buff_tube[5]=dig_code[vp/100]+0x80;
  88   2          buff_tube[6]=dig_code[vp%100/10];
  89   2          buff_tube[7]=dig_code[vp%10];
  90   2        }
  91   1        else if(flag_mode==2)
  92   1        {
  93   2          buff_tube[0]=dig_code[12];
  94   2          buff_tube[1]=dig_code[13];
  95   2          buff_tube[2]=dig_code[13];
  96   2          buff_tube[3]=dig_code[13];
  97   2          buff_tube[4]=dig_code[13];
  98   2          buff_tube[5]=dig_code[13];
  99   2          buff_tube[6]=dig_code[count/10];
 100   2          buff_tube[7]=dig_code[count%10];
 101   2        }
 102   1      }
 103          
 104          void save_data()
 105          {
 106   1        IIC_Start();
 107   1        IIC_SendByte(0xa0);
 108   1        IIC_WaitAck();
 109   1        IIC_SendByte(0x00);
 110   1        IIC_WaitAck();
 111   1        IIC_SendByte(vp/10);
 112   1        IIC_WaitAck();
 113   1        IIC_Stop();
 114   1      }
 115          
 116          void read_data()
C51 COMPILER V9.60.0.0   MAIN                                                              10/14/2020 21:51:30 PAGE 3   

 117          {
 118   1        IIC_Start();
 119   1        IIC_SendByte(0xa0);
 120   1        IIC_WaitAck();
 121   1        IIC_SendByte(0x00);
 122   1        IIC_WaitAck();
 123   1        IIC_Stop();
 124   1        
 125   1        IIC_Start();
 126   1        IIC_SendByte(0xa1);
 127   1        IIC_WaitAck();
 128   1        vp=IIC_RecByte()*10;
 129   1        IIC_Ack(0);
 130   1        IIC_Stop();
 131   1      }
 132          
 133          void scan_key()
 134          {
 135   1        static uchar key_buff[4][4]={{0xff,0xff,0xff,0xff},{0xff,0xff,0xff,0xff},{0xff,0xff,0xff,0xff},{0xff,0xff
             -,0xff,0xff}};
 136   1        static uchar key_out=0;
 137   1        uchar i;
 138   1        key_buff[key_out][0]=(key_buff[key_out][0]<<1)|KEY_IN_0;
 139   1        key_buff[key_out][1]=(key_buff[key_out][1]<<1)|KEY_IN_1;
 140   1        key_buff[key_out][2]=(key_buff[key_out][2]<<1)|KEY_IN_2;
 141   1        key_buff[key_out][3]=(key_buff[key_out][3]<<1)|KEY_IN_3;
 142   1        
 143   1        for(i=0;i<4;i++)
 144   1        {
 145   2          if((key_buff[key_out][i]&0x0f)==0x0f)
 146   2          {
 147   3            key_stat[key_out][i]=1;
 148   3          }
 149   2          else if((key_buff[key_out][i]&0x0f)==0x00)
 150   2          {
 151   3            key_stat[key_out][i]=0;
 152   3          }
 153   2        }
 154   1        
 155   1        key_out++;
 156   1        key_out&=0x03;
 157   1        switch(key_out)
 158   1        {
 159   2          case 0:KEY_OUT_3=1;KEY_OUT_0=0;break;
 160   2          case 1:KEY_OUT_0=1;KEY_OUT_1=0;break;
 161   2          case 2:KEY_OUT_1=1;KEY_OUT_2=0;break;
 162   2          case 3:KEY_OUT_2=1;KEY_OUT_3=0;break;
 163   2          default:break;
 164   2        }
 165   1      }
 166          
 167          void key_fun(uchar i,uchar j)
 168          {
 169   1        if(i==3&&j==2)
 170   1        {
 171   2          flag_mode++;
 172   2          flag_error=0;
 173   2          if(flag_mode>=3)
 174   2          {
 175   3            flag_mode=0;
 176   3          }
 177   2          if(flag_mode==2)
C51 COMPILER V9.60.0.0   MAIN                                                              10/14/2020 21:51:30 PAGE 4   

 178   2          {
 179   3            save_data();
 180   3          }
 181   2        }
 182   1        else if(i==2&&j==2)
 183   1        {
 184   2          if(flag_mode==2)
 185   2          {
 186   3            count=0;
 187   3            flag_error=0;
 188   3          }
 189   2        }
 190   1        else if(i==3&&j==3)
 191   1        {
 192   2          if(flag_mode==1)
 193   2          {
 194   3            flag_error=0;
 195   3            if(vp>=500)
 196   3            {
 197   4              vp=0;
 198   4            }
 199   3            else
 200   3            {
 201   4              vp=vp+50;
 202   4            }
 203   3          }
 204   2        }
 205   1        else if(i==2&&j==3)
 206   1        {
 207   2          if(flag_mode==1)
 208   2          {
 209   3            flag_error=0;
 210   3            if(vp<=0)
 211   3            {
 212   4              vp=500;
 213   4            }
 214   3            else
 215   3            {
 216   4              vp=vp-50;
 217   4            }
 218   3          }
 219   2        }
 220   1        else
 221   1        {
 222   2          count_error++;
 223   2          if(count_error>=3)
 224   2          {
 225   3            flag_error=1;
 226   3            count_error=0;
 227   3          }
 228   2        }
 229   1      }
 230          
 231          void key_press()
 232          {
 233   1        uchar i,j;
 234   1        for(i=0;i<4;i++)
 235   1        {
 236   2          for(j=0;j<4;j++)
 237   2          {
 238   3            if(key_stat[i][j]!=key_back[i][j])
 239   3            {
C51 COMPILER V9.60.0.0   MAIN                                                              10/14/2020 21:51:30 PAGE 5   

 240   4              if(key_stat[i][j]==0)
 241   4              {
 242   5                key_fun(i,j);
 243   5              }
 244   4              key_back[i][j]=key_stat[i][j];
 245   4            }
 246   3          }
 247   2        }
 248   1      }
 249          
 250          void check_volta()
 251          {
 252   1        uchar flag_up,flag_down;
 253   1        if(volta>vp)
 254   1        {
 255   2          flag_5s_start=0;
 256   2          flag_5s=0;
 257   2          flag_up=1;
 258   2          flag_down=0;
 259   2        }
 260   1        if(volta<vp)
 261   1        {
 262   2          flag_5s_start=1;
 263   2          flag_down=1;
 264   2        }
 265   1        if((flag_up==1)&&(flag_down==1))
 266   1        {
 267   2          count++;
 268   2          flag_up=0;
 269   2          flag_down=0;
 270   2        }
 271   1      }
 272          
 273          void set_flag()
 274          {
 275   1        if(count/2==0)
 276   1        {
 277   2          flag_L2=0;
 278   2        }
 279   1        else
 280   1        {
 281   2          flag_L2=1;
 282   2        }
 283   1      }
 284          
 285          void set_led()
 286          {
 287   1        P0=0xff;
 288   1        select(4);
 289   1        if(flag_5s)
 290   1        {
 291   2          P0&=0xfe;
 292   2        }
 293   1        else
 294   1        {
 295   2          P0|=~0xfe;
 296   2        }
 297   1        if(flag_L2)
 298   1        {
 299   2          P0&=0xfd;
 300   2        }
 301   1        else
C51 COMPILER V9.60.0.0   MAIN                                                              10/14/2020 21:51:30 PAGE 6   

 302   1        {
 303   2          P0|=~0xfd;
 304   2        }
 305   1        
 306   1        if(flag_error)
 307   1        {
 308   2          P0&=0xfb;
 309   2        }
 310   1        else
 311   1        {
 312   2          P0|=~0xfb;
 313   2        }
 314   1        select(0);
 315   1      }
 316          
 317          void adc()
 318          {
 319   1        IIC_Start();
 320   1        IIC_SendByte(0x90);
 321   1        IIC_WaitAck();
 322   1        IIC_SendByte(0x03);
 323   1        IIC_WaitAck();
 324   1        IIC_Stop();
 325   1        
 326   1        IIC_Start();
 327   1        IIC_SendByte(0x91);
 328   1        IIC_WaitAck();
 329   1        volta=(IIC_RecByte()/255.0*250)*2;
 330   1        IIC_Ack(0);
 331   1        IIC_Stop();
 332   1      }
 333          
 334          void init_timer0()    //1毫秒@12.000MHz
 335          {
 336   1        AUXR |= 0x80;   //定时器时钟1T模式
 337   1        TMOD &= 0xF0;   //设置定时器模式
 338   1        TL0 = 0x20;   //设置定时初值
 339   1        TH0 = 0xD1;   //设置定时初值
 340   1        TF0 = 0;    //清除TF0标志
 341   1        TR0 = 1;    //定时器0开始计时
 342   1        ET0 = 1;
 343   1        EA = 1;
 344   1      }
 345          
 346          void ser_timer0() interrupt 1
 347          {
 348   1        static uchar count_40ms,count_2ms;
 349   1        static uint count_5s;
 350   1        count_2ms++;
 351   1        count_40ms++;
 352   1        scan_key();
 353   1        key_press();
 354   1        if(flag_5s_start)
 355   1        {
 356   2          count_5s++;
 357   2          if(count_5s>=5000)
 358   2          {
 359   3            count_5s=0;
 360   3            flag_5s=1;
 361   3          }
 362   2        }
 363   1        if(count_40ms>=40)
C51 COMPILER V9.60.0.0   MAIN                                                              10/14/2020 21:51:30 PAGE 7   

 364   1        {
 365   2          count_40ms=0;
 366   2          flag_40ms=~flag_40ms;
 367   2        }
 368   1        if(count_2ms>=2)
 369   1        {
 370   2          count_2ms=0;
 371   2          set_display();
 372   2          display();
 373   2          set_flag();
 374   2          set_led();
 375   2        }
 376   1      }
 377          
 378          int main()
 379          {
 380   1        init_sys();
 381   1        init_timer0();
 382   1        while(1)
 383   1        {
 384   2          if(flag_40ms)
 385   2          {
 386   3            adc();
 387   3            check_volta();
 388   3          }
 389   2        }
 390   1      }


MODULE INFORMATION:   STATIC OVERLAYABLE
   CODE SIZE        =   1332    ----
   CONSTANT SIZE    =   ----    ----
   XDATA SIZE       =   ----    ----
   PDATA SIZE       =   ----    ----
   DATA SIZE        =     91       4
   IDATA SIZE       =   ----    ----
   BIT SIZE         =   ----    ----
END OF MODULE INFORMATION.


C51 COMPILATION COMPLETE.  0 WARNING(S),  0 ERROR(S)
