C51 COMPILER V9.60.0.0   WAVE                                                              11/13/2020 16:37:38 PAGE 1   


C51 COMPILER V9.60.0.0, COMPILATION OF MODULE WAVE
OBJECT MODULE PLACED IN .\Objects\wave.obj
COMPILER INVOKED BY: C:\Keil_v5\C51\BIN\C51.EXE wave.c OPTIMIZE(8,SPEED) BROWSE DEBUG OBJECTEXTEND PRINT(.\Listings\wave
                    -.lst) TABS(2) OBJECT(.\Objects\wave.obj)

line level    source

   1          #include "wave.h"
   2          #include "intrins.h"
   3          sbit TX=P1^0; //发射
   4          sbit RX=P1^1; //接收
   5          
   6          void init_timer1(void)
   7          {
   8   1        AUXR &= 0xBF;   //定时器时钟12T模式
   9   1        TMOD &= 0x0F;   //设置定时器模式
  10   1        TL1 = 0x00;   //设置定时初值
  11   1        TH1 = 0x00;   //设置定时初值
  12   1        TF1 = 0;    //清除TF1标志
  13   1        TR1 = 0;    //定时器1暂时关闭，同时注意需要关闭T1的定时器中断，否则在无中断服务函数的情况下会造成混乱
  14   1      }
  15          
  16          void delay13us()    //@12.000MHz
  17          {
  18   1        unsigned char i;
  19   1      
  20   1        _nop_();
  21   1        _nop_();
  22   1        i = 36;
  23   1        while (--i);
  24   1      }
  25          
  26          unsigned char get_dis()
  27          {
  28   1        unsigned char dis=0,count=10;
  29   1        while(count--)
  30   1        {
  31   2          TX=1;delay13us();
  32   2          TX=0;delay13us();
  33   2        }
  34   1        TL1=0;
  35   1        TH1=0;
  36   1        TR1=1;
  37   1        while(!TF1&&RX);
  38   1        TR1=0;
  39   1        if(TF1)
  40   1        {
  41   2          TF1=0;
  42   2          dis=255;
  43   2        }
  44   1        else
  45   1        {
  46   2          dis=((TH1<<8)|TL1)*0.017;
  47   2        }
  48   1        return dis;
  49   1      }


MODULE INFORMATION:   STATIC OVERLAYABLE
   CODE SIZE        =     98    ----
   CONSTANT SIZE    =   ----    ----
C51 COMPILER V9.60.0.0   WAVE                                                              11/13/2020 16:37:38 PAGE 2   

   XDATA SIZE       =   ----    ----
   PDATA SIZE       =   ----    ----
   DATA SIZE        =   ----    ----
   IDATA SIZE       =   ----    ----
   BIT SIZE         =   ----    ----
END OF MODULE INFORMATION.


C51 COMPILATION COMPLETE.  0 WARNING(S),  0 ERROR(S)
