C51 COMPILER V9.01   KEY_SINGLE                                                            12/07/2019 13:44:12 PAGE 1   


C51 COMPILER V9.01, COMPILATION OF MODULE KEY_SINGLE
OBJECT MODULE PLACED IN .\key_single.obj
COMPILER INVOKED BY: C:\Keil\C51\BIN\C51.EXE ..\独立按键的基本操作与扩展应用\key_single.c BROWSE DEBUG OBJECTEXTEND PRIN
                    -T(.\key_single.lst) OBJECT(.\key_single.obj)

line level    source

   1          #include<reg51.h>
   2          typedef unsigned char uchar;
   3          typedef unsigned int uint;
   4          uchar stat_k=0;
   5          sbit S7 = P3^0;
   6          sbit S6 = P3^1;
   7          sbit S5 = P3^2;
   8          sbit S4 = P3^3;
   9          sbit L1 = P0^0;
  10          sbit L2 = P0^1;
  11          sbit L3 = P0^2;
  12          sbit L4 = P0^3;
  13          sbit L5 = P0^4;
  14          sbit L6 = P0^5;
  15          
  16          void Delay(uint t)
  17          {
  18   1              while(t--);
  19   1      }
  20          
  21          
  22          void SelectHC573(uchar channel)
  23          {
  24   1              switch(channel)
  25   1              {
  26   2                      case 4:
  27   2                      P2=(P2&0x1f)|0x80;
  28   2                      break;
  29   2                      case 5:
  30   2                      P2=(P2&0x1f)|0xa0;
  31   2                      break;
  32   2                      case 6:
  33   2                      P2=(P2&0x1f)|0xc0;
  34   2                      break;
  35   2                      case 7:
  36   2                      P2=(P2&0x1f)|0xe0;
  37   2                      break;
  38   2              }
  39   1      }
  40          
  41          void Judge_key_singal()
  42          {
  43   1              if(S7==0)
  44   1              {
  45   2                      Delay(100);
  46   2                      if(S7==0)
  47   2                      {
  48   3                              if(stat_k==0)
  49   3                              {
  50   4                                      L1=0;
  51   4                                      stat_k=1;
  52   4                              }
  53   3                              else if(stat_k==1)
  54   3                              {
C51 COMPILER V9.01   KEY_SINGLE                                                            12/07/2019 13:44:12 PAGE 2   

  55   4                                      L1=1;
  56   4                                      stat_k=0;
  57   4                              }
  58   3                              while(S7==0);//若未再次按下则一直执行死循环，避免重复判断。
  59   3                      }
  60   2              }       
  61   1              if(S6==0)
  62   1              {
  63   2                      Delay(100);
  64   2                      if(S6==0)
  65   2                      {
  66   3                              if(stat_k==0)
  67   3                              {
  68   4                                      L2=0;
  69   4                                      stat_k=2;
  70   4                              }
  71   3                              else if(stat_k==2)
  72   3                              {
  73   4                                      L2=1;
  74   4                                      stat_k=0;
  75   4                              }
  76   3                              while(S6==0);
  77   3                      }
  78   2              }       
  79   1              if(S5==0)
  80   1              {
  81   2                      Delay(100);
  82   2                      if(S5==0)
  83   2                      {
  84   3                              if(stat_k==1)
  85   3                              {
  86   4                                      L3=0;
  87   4                                      while(S5==0);
  88   4                                      L3=1;
  89   4                              }
  90   3                              else if(stat_k==2)
  91   3                              {
  92   4                                      L5=0;
  93   4                                      while(S5==0);
  94   4                                      L5=1;
  95   4                              }
  96   3                      }
  97   2              }
  98   1              if(S4==0)
  99   1              {
 100   2                      Delay(100);
 101   2                      if(S4==0)
 102   2                      {
 103   3                              if(stat_k==1)
 104   3                              {
 105   4                                      L4=0;
 106   4                                      while(S4==0);
 107   4                                      L4=1;
 108   4                              }
 109   3                              else if(stat_k==2)
 110   3                              {
 111   4                                      L6=0;
 112   4                                      while(S4==0);
 113   4                                      L6=1;
 114   4                              }
 115   3                      }
 116   2              }               
C51 COMPILER V9.01   KEY_SINGLE                                                            12/07/2019 13:44:12 PAGE 3   

 117   1      }
 118          
 119          int main()
 120          {
 121   1              SelectHC573(5);
 122   1              P0=0x00;
 123   1              SelectHC573(4);
 124   1              P0=0xff;
 125   1              while(1)
 126   1              {
 127   2                        Judge_key_singal();
 128   2              }
 129   1      }


MODULE INFORMATION:   STATIC OVERLAYABLE
   CODE SIZE        =    222    ----
   CONSTANT SIZE    =   ----    ----
   XDATA SIZE       =   ----    ----
   PDATA SIZE       =   ----    ----
   DATA SIZE        =      1    ----
   IDATA SIZE       =   ----    ----
   BIT SIZE         =   ----    ----
END OF MODULE INFORMATION.


C51 COMPILATION COMPLETE.  0 WARNING(S),  0 ERROR(S)
