C51 COMPILER V9.60.0.0   MAIN                                                              01/26/2020 14:50:51 PAGE 1   


C51 COMPILER V9.60.0.0, COMPILATION OF MODULE MAIN
OBJECT MODULE PLACED IN .\Objects\main.obj
COMPILER INVOKED BY: C:\Keil_v5\C51\BIN\C51.EXE main.c OPTIMIZE(8,SPEED) BROWSE DEBUG OBJECTEXTEND PRINT(.\Listings\main
                    -.lst) TABS(2) OBJECT(.\Objects\main.obj)

line level    source

   1          #include<reg52.h>
   2          typedef unsigned char uchar;
   3          typedef unsigned int uint;
   4          sbit HC138_A=P2^5;
   5          sbit HC138_B=P2^6;
   6          sbit HC138_C=P2^7;
   7          
   8          void Delay1000ms()    //@11.0592MHz
   9          {
  10   1        unsigned char i, j, k;
  11   1      
  12   1        i = 43;
  13   1        j = 6;
  14   1        k = 203;
  15   1        do
  16   1        {
  17   2          do
  18   2          {
  19   3            while (--k);
  20   3          } while (--j);
  21   2        } while (--i);
  22   1      }
  23          
  24          
  25          void Initsys()
  26          {
  27   1        HC138_C=1;
  28   1        HC138_B=0;
  29   1        HC138_A=1;
  30   1        P0=0X00;
  31   1      }
  32          
  33          void beep()
  34          {
  35   1        HC138_C=1;
  36   1        HC138_B=0;
  37   1        HC138_A=1;
  38   1        P0=0x40;
  39   1        Delay1000ms();
  40   1        P0=0X00;  
  41   1      }
  42          
  43          void relay()
  44          {
  45   1        HC138_C=1;
  46   1        HC138_B=0;
  47   1        HC138_A=1;
  48   1        P0=0x10;
  49   1        Delay1000ms();
  50   1        P0=0X00;
  51   1      }
  52          
  53          void main()
  54          {
C51 COMPILER V9.60.0.0   MAIN                                                              01/26/2020 14:50:51 PAGE 2   

  55   1        Initsys();
  56   1        while(1)
  57   1        {
  58   2          beep();
  59   2          relay();
  60   2        }
  61   1      }


MODULE INFORMATION:   STATIC OVERLAYABLE
   CODE SIZE        =     66    ----
   CONSTANT SIZE    =   ----    ----
   XDATA SIZE       =   ----    ----
   PDATA SIZE       =   ----    ----
   DATA SIZE        =   ----    ----
   IDATA SIZE       =   ----    ----
   BIT SIZE         =   ----    ----
END OF MODULE INFORMATION.


C51 COMPILATION COMPLETE.  0 WARNING(S),  0 ERROR(S)
