C51 COMPILER V9.01   KEYS_MATRIX                                                           12/05/2019 23:27:10 PAGE 1   


C51 COMPILER V9.01, COMPILATION OF MODULE KEYS_MATRIX
OBJECT MODULE PLACED IN keys_matrix.OBJ
COMPILER INVOKED BY: C:\Keil\C51\BIN\C51.EXE keys_matrix.c BROWSE DEBUG OBJECTEXTEND

line level    source

   1          #include<reg51.h>
   2          typedef unsigned char uchar;
   3          typedef unsigned int uint;
   4          sfr P4=0xc0;
   5          sbit R1=P3^0;
   6          sbit R2=P3^1;
   7          sbit R3=P3^2;
   8          sbit R4=P3^3;
   9          sbit C1=P3^4;
  10          sbit C2=P3^5;
  11          sbit C3=P4^2;
  12          sbit C4=P4^4;
  13          uchar num;
  14          uchar code dig_code[]={0xc0,0xf9,0xa4,0xb0,0x99,0x92,0x82,0xf8,0x80,0x90};
  15          
  16          
  17          void SelectHC573(uchar channel)
  18          {
  19   1              switch(channel)
  20   1              {
  21   2                      case 4:
  22   2                      P2=(P2&0x1f)|(0x80);
  23   2                      break;
  24   2                      case 5:
  25   2                      P2=(P2&0x1f)|(0xa0);
  26   2                      break;
  27   2                      case 6:
  28   2                      P2=(P2&0x1f)|(0xc0);
  29   2                      break;
  30   2                      case 7:
  31   2                      P2=(P2&0x1f)|(0xe0);
  32   2                      break;
  33   2              }
  34   1      }
  35          
  36          void Display(uchar value)
  37          {
  38   1              SelectHC573(6);
  39   1              P0=0x01;
  40   1              SelectHC573(7);
  41   1              P0=value;
  42   1      }
  43          
  44          void Scan()
  45          {
  46   1              R1=0;
  47   1              R2=R3=R4=1;
  48   1              C1=C2=C3=C4=1;
  49   1              if(C1==0)
  50   1              {
  51   2                      while(C1==0);
  52   2                      num=0;
  53   2                      Display(dig_code[num]);
  54   2              }
  55   1              else if(C2==0)
C51 COMPILER V9.01   KEYS_MATRIX                                                           12/05/2019 23:27:10 PAGE 2   

  56   1              {
  57   2                      while(C2==0);
  58   2                      num=1;
  59   2                      Display(dig_code[num]);
  60   2              }
  61   1              else if(C3==0)
  62   1              {
  63   2                      while(C3==0);
  64   2                      num=2;
  65   2                      Display(dig_code[num]);
  66   2              }
  67   1              else if(C4==0)
  68   1              {
  69   2                      while(C4==0);
  70   2                      num=3;
  71   2                      Display(dig_code[num]);
  72   2              }
  73   1      
  74   1      
  75   1              R2=0;
  76   1              R1=R3=R4=1;
  77   1              C1=C2=C3=C4=1;
  78   1              if(C1==0)
  79   1              {
  80   2                      while(C1==0);
  81   2                      num=4;
  82   2                      Display(dig_code[num]);
  83   2              }
  84   1              else if(C2==0)
  85   1              {
  86   2                      while(C2==0);
  87   2                      num=5;
  88   2                      Display(dig_code[num]);
  89   2              }
  90   1              else if(C3==0)
  91   1              {
  92   2                      while(C3==0);
  93   2                      num=6;
  94   2                      Display(dig_code[num]);
  95   2              }
  96   1              else if(C4==0)
  97   1              {
  98   2                      while(C4==0);
  99   2                      num=7;
 100   2                      Display(dig_code[num]);
 101   2              }
 102   1      
 103   1              R3=0;
 104   1              R2=R1=R4=1;
 105   1              C1=C2=C3=C4=1;
 106   1              if(C1==0)
 107   1              {
 108   2                      while(C1==0);
 109   2                      num=8;
 110   2                      Display(dig_code[num]);
 111   2              }
 112   1              else if(C2==0)
 113   1              {
 114   2                      while(C2==0);
 115   2                      num=9;
 116   2                      Display(dig_code[num]);
 117   2              }
C51 COMPILER V9.01   KEYS_MATRIX                                                           12/05/2019 23:27:10 PAGE 3   

 118   1              else if(C3==0)
 119   1              {
 120   2                      while(C3==0);
 121   2                      num=10;
 122   2                      Display(dig_code[num]);
 123   2              }
 124   1              else if(C4==0)
 125   1              {
 126   2                      while(C4==0);
 127   2                      num=11;
 128   2                      Display(dig_code[num]);
 129   2              }
 130   1      }
 131          void main()
 132          {
 133   1              SelectHC573(5);
 134   1              P0=0x00;
 135   1              while(1)
 136   1              {
 137   2                      Scan();
 138   2              }
 139   1      }


MODULE INFORMATION:   STATIC OVERLAYABLE
   CODE SIZE        =    272    ----
   CONSTANT SIZE    =     10    ----
   XDATA SIZE       =   ----    ----
   PDATA SIZE       =   ----    ----
   DATA SIZE        =      1    ----
   IDATA SIZE       =   ----    ----
   BIT SIZE         =   ----    ----
END OF MODULE INFORMATION.


C51 COMPILATION COMPLETE.  0 WARNING(S),  0 ERROR(S)
