C51 COMPILER V9.60.0.0   MAIN                                                              08/07/2020 17:52:53 PAGE 1   


C51 COMPILER V9.60.0.0, COMPILATION OF MODULE MAIN
OBJECT MODULE PLACED IN .\Objects\main.obj
COMPILER INVOKED BY: C:\Keil_v5\C51\BIN\C51.EXE main.c OPTIMIZE(8,SPEED) BROWSE DEBUG OBJECTEXTEND PRINT(.\Listings\main
                    -.lst) TABS(2) OBJECT(.\Objects\main.obj)

line level    source

   1          #include<stc15f2k60s2.h>
   2          #include"ds1302.h"
   3          typedef unsigned char uchar;
   4          typedef unsigned int uint;
   5          uchar code dig_code[]={0xc0,0xf9,0xa4,0xb0,0x99,0x92,0x82,0xf8,0x80,0x90,0xbf};
   6          uchar time[7]={0x45,0x58,0x23,0x01,0x01,0x03,0x20};
   7          
   8          void delay(uint t)
   9          {
  10   1        while(t--);
  11   1      }
  12          
  13          void select(uchar channel)
  14          {
  15   1        switch(channel)
  16   1        {
  17   2          case 4:
  18   2            P2=(P2&0x1f)|0x80;
  19   2            break;
  20   2          case 5:
  21   2            P2=(P2&0x1f)|0xa0;
  22   2            break;
  23   2          case 6:
  24   2            P2=(P2&0x1f)|0xc0;
  25   2            break;
  26   2          case 7:
  27   2            P2=(P2&0x1f)|0xe0;
  28   2            break;
  29   2          case 0:
  30   2            P2=(P2&0x1f);
  31   2            break;
  32   2        }
  33   1      }
  34          
  35          void init_sys()
  36          {
  37   1        select(4);
  38   1        P0=0xff;
  39   1        select(5);
  40   1        P0=0x00;
  41   1        select(0);
  42   1      }
  43          
  44          void display(uchar pos,uchar value)
  45          {
  46   1        delay(1000);
  47   1        P0=0xff;
  48   1        select(6);
  49   1        P0=0x01<<pos;
  50   1        select(7);
  51   1        P0=dig_code[value];
  52   1      }
  53          
  54          void init_ds1302()
C51 COMPILER V9.60.0.0   MAIN                                                              08/07/2020 17:52:53 PAGE 2   

  55          {
  56   1        uchar address=0x80;
  57   1        uchar i;
  58   1        Write_Ds1302_Byte(0x8e,0x00); //关闭写保护
  59   1        for(i=0;i<7;i++) //轮流写入时间数据
  60   1        {
  61   2          Write_Ds1302_Byte(address,time[i]);
  62   2          address=address+2;
  63   2        }
  64   1        Write_Ds1302_Byte(0x8e,0x80);
  65   1      }
  66          
  67          void read_ds1302()
  68          {
  69   1        uchar address=0x81;
  70   1        uchar i;
  71   1        for(i=0;i<7;i++)
  72   1        {
  73   2          time[i]=Read_Ds1302_Byte(address);
  74   2          address=address+2;
  75   2        }
  76   1      }
  77          
  78          void display_time()
  79          {
  80   1        read_ds1302();
  81   1        display(0,time[2]/16);
  82   1        display(1,time[2]%16);
  83   1        display(2,10);
  84   1        display(3,time[1]/16);
  85   1        display(4,time[1]%16);
  86   1        display(5,10);
  87   1        display(6,time[0]/16);
  88   1        display(7,time[0]%16);
  89   1      }
  90          
  91          int main()
  92          {
  93   1        init_sys();
  94   1        init_ds1302();
  95   1        while(1)
  96   1        {
  97   2          display_time();
  98   2        }
  99   1      }


MODULE INFORMATION:   STATIC OVERLAYABLE
   CODE SIZE        =    308    ----
   CONSTANT SIZE    =     11    ----
   XDATA SIZE       =   ----    ----
   PDATA SIZE       =   ----    ----
   DATA SIZE        =      7       4
   IDATA SIZE       =   ----    ----
   BIT SIZE         =   ----    ----
END OF MODULE INFORMATION.


C51 COMPILATION COMPLETE.  0 WARNING(S),  0 ERROR(S)
